2024-04-23 22:22:53.639 | INFO     | __main__:<module>:43 - hyparam: GAMMA0.988. LR:0.013000. STEP:390
2024-04-23 22:22:53.647 | INFO     | __main__:<module>:46 - using:cuda
2024-04-23 22:22:55.265 | INFO     | __main__:load_w:109 - load w file: w/w_best.pt_rw270_lr0.013000_gm0.9880_ep3000
2024-04-23 22:22:55.382 | INFO     | __main__:test_mode:280 - ep  0, steps: 306, reward:  244.77
2024-04-23 22:22:55.445 | INFO     | __main__:test_mode:280 - ep  1, steps: 253, reward:  262.92
2024-04-23 22:22:55.506 | INFO     | __main__:test_mode:280 - ep  2, steps: 241, reward:  302.93
2024-04-23 22:22:55.568 | INFO     | __main__:test_mode:280 - ep  3, steps: 245, reward:  262.34
2024-04-23 22:22:55.642 | INFO     | __main__:test_mode:280 - ep  4, steps: 297, reward:  266.91
2024-04-23 22:22:55.711 | INFO     | __main__:test_mode:280 - ep  5, steps: 285, reward:  245.06
2024-04-23 22:22:55.783 | INFO     | __main__:test_mode:280 - ep  6, steps: 289, reward:  231.39
2024-04-23 22:22:55.895 | INFO     | __main__:test_mode:280 - ep  7, steps: 306, reward:  230.20
2024-04-23 22:22:55.972 | INFO     | __main__:test_mode:280 - ep  8, steps: 298, reward:  232.42
2024-04-23 22:22:56.054 | INFO     | __main__:test_mode:280 - ep  9, steps: 302, reward:  247.82
2024-04-23 22:22:56.122 | INFO     | __main__:test_mode:280 - ep 10, steps: 267, reward:  257.43
2024-04-23 22:22:56.191 | INFO     | __main__:test_mode:280 - ep 11, steps: 288, reward:  247.89
2024-04-23 22:22:56.270 | INFO     | __main__:test_mode:280 - ep 12, steps: 309, reward:  283.89
2024-04-23 22:22:56.338 | INFO     | __main__:test_mode:280 - ep 13, steps: 271, reward:  283.44
2024-04-23 22:22:56.406 | INFO     | __main__:test_mode:280 - ep 14, steps: 280, reward:  279.80
2024-04-23 22:22:56.471 | INFO     | __main__:test_mode:280 - ep 15, steps: 269, reward:  294.91
2024-04-23 22:22:56.542 | INFO     | __main__:test_mode:280 - ep 16, steps: 298, reward:  243.96
2024-04-23 22:22:56.612 | INFO     | __main__:test_mode:280 - ep 17, steps: 285, reward:  283.70
2024-04-23 22:22:56.673 | INFO     | __main__:test_mode:280 - ep 18, steps: 250, reward:  251.70
2024-04-23 22:22:56.749 | INFO     | __main__:test_mode:280 - ep 19, steps: 307, reward:  239.77
2024-04-23 22:22:56.815 | INFO     | __main__:test_mode:280 - ep 20, steps: 258, reward:  288.04
2024-04-23 22:22:56.901 | INFO     | __main__:test_mode:280 - ep 21, steps: 348, reward:  263.94
2024-04-23 22:22:56.977 | INFO     | __main__:test_mode:280 - ep 22, steps: 292, reward:  284.45
2024-04-23 22:22:57.045 | INFO     | __main__:test_mode:280 - ep 23, steps: 266, reward:  283.47
2024-04-23 22:22:57.113 | INFO     | __main__:test_mode:280 - ep 24, steps: 280, reward:  278.28
2024-04-23 22:22:57.181 | INFO     | __main__:test_mode:280 - ep 25, steps: 283, reward:  259.94
2024-04-23 22:22:57.228 | INFO     | __main__:test_mode:280 - ep 26, steps: 184, reward:   55.76
2024-04-23 22:22:57.297 | INFO     | __main__:test_mode:280 - ep 27, steps: 283, reward:  255.05
2024-04-23 22:22:57.376 | INFO     | __main__:test_mode:280 - ep 28, steps: 331, reward:  257.42
2024-04-23 22:22:57.449 | INFO     | __main__:test_mode:280 - ep 29, steps: 299, reward:  258.40
2024-04-23 22:22:57.518 | INFO     | __main__:test_mode:280 - ep 30, steps: 290, reward:  265.61
2024-04-23 22:22:57.575 | INFO     | __main__:test_mode:280 - ep 31, steps: 237, reward:  288.99
2024-04-23 22:22:57.635 | INFO     | __main__:test_mode:280 - ep 32, steps: 251, reward:   31.12
2024-04-23 22:22:57.694 | INFO     | __main__:test_mode:280 - ep 33, steps: 252, reward:  252.34
2024-04-23 22:22:57.759 | INFO     | __main__:test_mode:280 - ep 34, steps: 257, reward:  294.03
2024-04-23 22:22:57.830 | INFO     | __main__:test_mode:280 - ep 35, steps: 296, reward:  226.57
2024-04-23 22:22:57.881 | INFO     | __main__:test_mode:280 - ep 36, steps: 214, reward:   12.47
2024-04-23 22:22:57.948 | INFO     | __main__:test_mode:280 - ep 37, steps: 280, reward:  282.17
2024-04-23 22:22:58.025 | INFO     | __main__:test_mode:280 - ep 38, steps: 314, reward:  249.38
2024-04-23 22:22:58.099 | INFO     | __main__:test_mode:280 - ep 39, steps: 293, reward:  280.32
2024-04-23 22:22:58.165 | INFO     | __main__:test_mode:280 - ep 40, steps: 273, reward:  287.76
2024-04-23 22:22:58.236 | INFO     | __main__:test_mode:280 - ep 41, steps: 294, reward:  233.66
2024-04-23 22:22:58.302 | INFO     | __main__:test_mode:280 - ep 42, steps: 273, reward:  296.37
2024-04-23 22:22:58.383 | INFO     | __main__:test_mode:280 - ep 43, steps: 342, reward:  224.81
2024-04-23 22:22:58.447 | INFO     | __main__:test_mode:280 - ep 44, steps: 270, reward:  289.78
2024-04-23 22:22:58.508 | INFO     | __main__:test_mode:280 - ep 45, steps: 249, reward:  250.65
2024-04-23 22:22:58.589 | INFO     | __main__:test_mode:280 - ep 46, steps: 344, reward:  267.37
2024-04-23 22:22:58.655 | INFO     | __main__:test_mode:280 - ep 47, steps: 259, reward:  251.84
2024-04-23 22:22:58.725 | INFO     | __main__:test_mode:280 - ep 48, steps: 290, reward:  264.18
2024-04-23 22:22:58.787 | INFO     | __main__:test_mode:280 - ep 49, steps: 257, reward:  260.84
2024-04-23 22:22:58.855 | INFO     | __main__:test_mode:280 - ep 50, steps: 278, reward:  254.05
2024-04-23 22:22:58.917 | INFO     | __main__:test_mode:280 - ep 51, steps: 252, reward:  294.94
2024-04-23 22:22:58.986 | INFO     | __main__:test_mode:280 - ep 52, steps: 285, reward:  252.77
2024-04-23 22:22:59.057 | INFO     | __main__:test_mode:280 - ep 53, steps: 299, reward:  264.58
2024-04-23 22:22:59.131 | INFO     | __main__:test_mode:280 - ep 54, steps: 303, reward:  260.30
2024-04-23 22:22:59.202 | INFO     | __main__:test_mode:280 - ep 55, steps: 296, reward:  274.38
2024-04-23 22:22:59.268 | INFO     | __main__:test_mode:280 - ep 56, steps: 273, reward:  263.72
2024-04-23 22:22:59.330 | INFO     | __main__:test_mode:280 - ep 57, steps: 255, reward:  273.44
2024-04-23 22:22:59.391 | INFO     | __main__:test_mode:280 - ep 58, steps: 250, reward:  276.34
2024-04-23 22:22:59.464 | INFO     | __main__:test_mode:280 - ep 59, steps: 308, reward:  269.47
2024-04-23 22:22:59.536 | INFO     | __main__:test_mode:280 - ep 60, steps: 301, reward:  238.12
2024-04-23 22:22:59.603 | INFO     | __main__:test_mode:280 - ep 61, steps: 280, reward:  228.38
2024-04-23 22:22:59.668 | INFO     | __main__:test_mode:280 - ep 62, steps: 268, reward:  254.05
2024-04-23 22:22:59.733 | INFO     | __main__:test_mode:280 - ep 63, steps: 269, reward:  278.08
2024-04-23 22:22:59.814 | INFO     | __main__:test_mode:280 - ep 64, steps: 335, reward:  243.40
2024-04-23 22:22:59.880 | INFO     | __main__:test_mode:280 - ep 65, steps: 266, reward:  267.81
2024-04-23 22:22:59.955 | INFO     | __main__:test_mode:280 - ep 66, steps: 315, reward:  247.34
2024-04-23 22:23:00.020 | INFO     | __main__:test_mode:280 - ep 67, steps: 271, reward:  286.59
2024-04-23 22:23:00.092 | INFO     | __main__:test_mode:280 - ep 68, steps: 282, reward:  253.41
2024-04-23 22:23:00.163 | INFO     | __main__:test_mode:280 - ep 69, steps: 273, reward:  257.97
2024-04-23 22:23:00.228 | INFO     | __main__:test_mode:280 - ep 70, steps: 260, reward:  256.68
2024-04-23 22:23:00.304 | INFO     | __main__:test_mode:280 - ep 71, steps: 318, reward:  277.88
2024-04-23 22:23:00.371 | INFO     | __main__:test_mode:280 - ep 72, steps: 275, reward:  277.91
2024-04-23 22:23:00.445 | INFO     | __main__:test_mode:280 - ep 73, steps: 306, reward:  250.45
2024-04-23 22:23:00.517 | INFO     | __main__:test_mode:280 - ep 74, steps: 298, reward:  272.41
2024-04-23 22:23:00.581 | INFO     | __main__:test_mode:280 - ep 75, steps: 266, reward:  272.68
2024-04-23 22:23:00.654 | INFO     | __main__:test_mode:280 - ep 76, steps: 297, reward:  265.42
2024-04-23 22:23:00.729 | INFO     | __main__:test_mode:280 - ep 77, steps: 301, reward:  257.85
2024-04-23 22:23:00.791 | INFO     | __main__:test_mode:280 - ep 78, steps: 249, reward:  267.87
2024-04-23 22:23:00.862 | INFO     | __main__:test_mode:280 - ep 79, steps: 304, reward:  276.07
2024-04-23 22:23:00.932 | INFO     | __main__:test_mode:280 - ep 80, steps: 283, reward:  267.96
2024-04-23 22:23:01.008 | INFO     | __main__:test_mode:280 - ep 81, steps: 316, reward:  242.38
2024-04-23 22:23:01.084 | INFO     | __main__:test_mode:280 - ep 82, steps: 319, reward:  293.25
2024-04-23 22:23:01.155 | INFO     | __main__:test_mode:280 - ep 83, steps: 294, reward:  256.49
2024-04-23 22:23:01.224 | INFO     | __main__:test_mode:280 - ep 84, steps: 281, reward:  306.46
2024-04-23 22:23:01.298 | INFO     | __main__:test_mode:280 - ep 85, steps: 286, reward:  228.63
2024-04-23 22:23:01.369 | INFO     | __main__:test_mode:280 - ep 86, steps: 293, reward:  240.15
2024-04-23 22:23:01.432 | INFO     | __main__:test_mode:280 - ep 87, steps: 260, reward:  232.61
2024-04-23 22:23:01.499 | INFO     | __main__:test_mode:280 - ep 88, steps: 269, reward:  230.60
2024-04-23 22:23:01.573 | INFO     | __main__:test_mode:280 - ep 89, steps: 310, reward:  284.82
2024-04-23 22:23:01.643 | INFO     | __main__:test_mode:280 - ep 90, steps: 292, reward:  234.93
2024-04-23 22:23:01.735 | INFO     | __main__:test_mode:280 - ep 91, steps: 389, reward:  134.65
2024-04-23 22:23:01.804 | INFO     | __main__:test_mode:280 - ep 92, steps: 284, reward:  257.70
2024-04-23 22:23:01.868 | INFO     | __main__:test_mode:280 - ep 93, steps: 265, reward:  273.80
2024-04-23 22:23:01.933 | INFO     | __main__:test_mode:280 - ep 94, steps: 269, reward:  260.77
2024-04-23 22:23:02.002 | INFO     | __main__:test_mode:280 - ep 95, steps: 294, reward:  227.34
2024-04-23 22:23:02.068 | INFO     | __main__:test_mode:280 - ep 96, steps: 275, reward:  249.19
2024-04-23 22:23:02.139 | INFO     | __main__:test_mode:280 - ep 97, steps: 293, reward:  293.02
2024-04-23 22:23:02.237 | INFO     | __main__:test_mode:280 - ep 98, steps: 280, reward:  267.90
2024-04-23 22:23:02.321 | INFO     | __main__:test_mode:280 - ep 99, steps: 341, reward: -151.32
2024-04-23 22:23:02.389 | INFO     | __main__:test_mode:280 - ep 100, steps: 285, reward:  272.59
2024-04-23 22:23:02.467 | INFO     | __main__:test_mode:280 - ep 101, steps: 326, reward:  239.01
2024-04-23 22:23:02.533 | INFO     | __main__:test_mode:280 - ep 102, steps: 277, reward:  280.64
2024-04-23 22:23:02.625 | INFO     | __main__:test_mode:280 - ep 103, steps: 389, reward:   30.42
2024-04-23 22:23:02.696 | INFO     | __main__:test_mode:280 - ep 104, steps: 297, reward:  268.02
2024-04-23 22:23:02.768 | INFO     | __main__:test_mode:280 - ep 105, steps: 291, reward:  285.52
2024-04-23 22:23:02.852 | INFO     | __main__:test_mode:280 - ep 106, steps: 346, reward:  224.46
2024-04-23 22:23:02.926 | INFO     | __main__:test_mode:280 - ep 107, steps: 308, reward:  290.65
2024-04-23 22:23:02.996 | INFO     | __main__:test_mode:280 - ep 108, steps: 295, reward:  243.42
2024-04-23 22:23:03.068 | INFO     | __main__:test_mode:280 - ep 109, steps: 301, reward:  254.82
2024-04-23 22:23:03.140 | INFO     | __main__:test_mode:280 - ep 110, steps: 301, reward:  249.71
2024-04-23 22:23:03.206 | INFO     | __main__:test_mode:280 - ep 111, steps: 277, reward:  253.83
2024-04-23 22:23:03.272 | INFO     | __main__:test_mode:280 - ep 112, steps: 266, reward:  254.12
2024-04-23 22:23:03.337 | INFO     | __main__:test_mode:280 - ep 113, steps: 270, reward:  266.83
2024-04-23 22:23:03.403 | INFO     | __main__:test_mode:280 - ep 114, steps: 269, reward:  230.67
2024-04-23 22:23:03.464 | INFO     | __main__:test_mode:280 - ep 115, steps: 250, reward:  267.70
2024-04-23 22:23:03.528 | INFO     | __main__:test_mode:280 - ep 116, steps: 264, reward:  262.28
2024-04-23 22:23:03.596 | INFO     | __main__:test_mode:280 - ep 117, steps: 287, reward:  232.83
2024-04-23 22:23:03.677 | INFO     | __main__:test_mode:280 - ep 118, steps: 340, reward:  261.54
2024-04-23 22:23:03.750 | INFO     | __main__:test_mode:280 - ep 119, steps: 300, reward:  299.73
2024-04-23 22:23:03.826 | INFO     | __main__:test_mode:280 - ep 120, steps: 317, reward:  256.39
2024-04-23 22:23:03.895 | INFO     | __main__:test_mode:280 - ep 121, steps: 287, reward:  295.71
2024-04-23 22:23:03.964 | INFO     | __main__:test_mode:280 - ep 122, steps: 287, reward:  260.23
2024-04-23 22:23:04.029 | INFO     | __main__:test_mode:280 - ep 123, steps: 271, reward:  260.72
2024-04-23 22:23:04.092 | INFO     | __main__:test_mode:280 - ep 124, steps: 259, reward:  279.55
2024-04-23 22:23:04.154 | INFO     | __main__:test_mode:280 - ep 125, steps: 256, reward:  287.05
2024-04-23 22:23:04.223 | INFO     | __main__:test_mode:280 - ep 126, steps: 286, reward:  245.90
2024-04-23 22:23:04.292 | INFO     | __main__:test_mode:280 - ep 127, steps: 282, reward:  266.66
2024-04-23 22:23:04.376 | INFO     | __main__:test_mode:280 - ep 128, steps: 350, reward:  287.76
2024-04-23 22:23:04.446 | INFO     | __main__:test_mode:280 - ep 129, steps: 294, reward:  283.89
2024-04-23 22:23:04.520 | INFO     | __main__:test_mode:280 - ep 130, steps: 308, reward:  262.89
2024-04-23 22:23:04.577 | INFO     | __main__:test_mode:280 - ep 131, steps: 237, reward:  263.92
2024-04-23 22:23:04.651 | INFO     | __main__:test_mode:280 - ep 132, steps: 310, reward:  230.70
2024-04-23 22:23:04.721 | INFO     | __main__:test_mode:280 - ep 133, steps: 285, reward:  276.32
2024-04-23 22:23:04.787 | INFO     | __main__:test_mode:280 - ep 134, steps: 271, reward:  265.19
2024-04-23 22:23:04.851 | INFO     | __main__:test_mode:280 - ep 135, steps: 268, reward:  277.98
2024-04-23 22:23:04.931 | INFO     | __main__:test_mode:280 - ep 136, steps: 338, reward:  284.87
2024-04-23 22:23:05.004 | INFO     | __main__:test_mode:280 - ep 137, steps: 303, reward:  256.74
2024-04-23 22:23:05.079 | INFO     | __main__:test_mode:280 - ep 138, steps: 316, reward:  256.03
2024-04-23 22:23:05.139 | INFO     | __main__:test_mode:280 - ep 139, steps: 247, reward:  265.07
2024-04-23 22:23:05.206 | INFO     | __main__:test_mode:280 - ep 140, steps: 279, reward:  237.26
2024-04-23 22:23:05.275 | INFO     | __main__:test_mode:280 - ep 141, steps: 284, reward:  278.01
2024-04-23 22:23:05.345 | INFO     | __main__:test_mode:280 - ep 142, steps: 285, reward:  269.04
2024-04-23 22:23:05.408 | INFO     | __main__:test_mode:280 - ep 143, steps: 257, reward:  233.65
2024-04-23 22:23:05.497 | INFO     | __main__:test_mode:280 - ep 144, steps: 372, reward:  250.10
2024-04-23 22:23:05.564 | INFO     | __main__:test_mode:280 - ep 145, steps: 283, reward:  257.90
2024-04-23 22:23:05.627 | INFO     | __main__:test_mode:280 - ep 146, steps: 259, reward:  264.46
2024-04-23 22:23:05.695 | INFO     | __main__:test_mode:280 - ep 147, steps: 284, reward:  236.10
2024-04-23 22:23:05.764 | INFO     | __main__:test_mode:280 - ep 148, steps: 289, reward:  243.54
2024-04-23 22:23:05.817 | INFO     | __main__:test_mode:280 - ep 149, steps: 222, reward:   10.88
2024-04-23 22:23:05.888 | INFO     | __main__:test_mode:280 - ep 150, steps: 289, reward:  245.91
2024-04-23 22:23:05.957 | INFO     | __main__:test_mode:280 - ep 151, steps: 287, reward:  257.86
2024-04-23 22:23:06.016 | INFO     | __main__:test_mode:280 - ep 152, steps: 242, reward:  263.18
2024-04-23 22:23:06.080 | INFO     | __main__:test_mode:280 - ep 153, steps: 266, reward:  258.70
2024-04-23 22:23:06.141 | INFO     | __main__:test_mode:280 - ep 154, steps: 250, reward:  294.87
2024-04-23 22:23:06.214 | INFO     | __main__:test_mode:280 - ep 155, steps: 304, reward:  273.02
2024-04-23 22:23:06.279 | INFO     | __main__:test_mode:280 - ep 156, steps: 264, reward:  276.11
2024-04-23 22:23:06.353 | INFO     | __main__:test_mode:280 - ep 157, steps: 308, reward:  223.31
2024-04-23 22:23:06.434 | INFO     | __main__:test_mode:280 - ep 158, steps: 339, reward:  257.39
2024-04-23 22:23:06.525 | INFO     | __main__:test_mode:280 - ep 159, steps: 389, reward:    9.57
2024-04-23 22:23:06.583 | INFO     | __main__:test_mode:280 - ep 160, steps: 242, reward:  275.06
2024-04-23 22:23:06.649 | INFO     | __main__:test_mode:280 - ep 161, steps: 267, reward:  261.47
2024-04-23 22:23:06.707 | INFO     | __main__:test_mode:280 - ep 162, steps: 243, reward:  278.08
2024-04-23 22:23:06.780 | INFO     | __main__:test_mode:280 - ep 163, steps: 302, reward:  243.52
2024-04-23 22:23:06.816 | INFO     | __main__:test_mode:280 - ep 164, steps: 143, reward:   64.57
2024-04-23 22:23:06.872 | INFO     | __main__:test_mode:280 - ep 165, steps: 244, reward:   42.48
2024-04-23 22:23:06.933 | INFO     | __main__:test_mode:280 - ep 166, steps: 259, reward:  244.20
2024-04-23 22:23:07.006 | INFO     | __main__:test_mode:280 - ep 167, steps: 305, reward:  244.83
2024-04-23 22:23:07.078 | INFO     | __main__:test_mode:280 - ep 168, steps: 299, reward:  270.28
2024-04-23 22:23:07.148 | INFO     | __main__:test_mode:280 - ep 169, steps: 288, reward:  219.86
2024-04-23 22:23:07.218 | INFO     | __main__:test_mode:280 - ep 170, steps: 288, reward:  256.04
2024-04-23 22:23:07.282 | INFO     | __main__:test_mode:280 - ep 171, steps: 253, reward:  288.55
2024-04-23 22:23:07.349 | INFO     | __main__:test_mode:280 - ep 172, steps: 274, reward:  259.69
2024-04-23 22:23:07.414 | INFO     | __main__:test_mode:280 - ep 173, steps: 270, reward:  277.64
2024-04-23 22:23:07.483 | INFO     | __main__:test_mode:280 - ep 174, steps: 285, reward:  254.13
2024-04-23 22:23:07.549 | INFO     | __main__:test_mode:280 - ep 175, steps: 264, reward:  286.84
2024-04-23 22:23:07.618 | INFO     | __main__:test_mode:280 - ep 176, steps: 291, reward:  232.09
2024-04-23 22:23:07.683 | INFO     | __main__:test_mode:280 - ep 177, steps: 269, reward:  220.89
2024-04-23 22:23:07.752 | INFO     | __main__:test_mode:280 - ep 178, steps: 281, reward:  249.46
2024-04-23 22:23:07.804 | INFO     | __main__:test_mode:280 - ep 179, steps: 219, reward:   20.92
2024-04-23 22:23:07.872 | INFO     | __main__:test_mode:280 - ep 180, steps: 287, reward:  253.64
2024-04-23 22:23:07.945 | INFO     | __main__:test_mode:280 - ep 181, steps: 303, reward:  258.12
2024-04-23 22:23:08.024 | INFO     | __main__:test_mode:280 - ep 182, steps: 333, reward:  233.11
2024-04-23 22:23:08.093 | INFO     | __main__:test_mode:280 - ep 183, steps: 283, reward:  271.83
2024-04-23 22:23:08.163 | INFO     | __main__:test_mode:280 - ep 184, steps: 284, reward:  284.43
2024-04-23 22:23:08.234 | INFO     | __main__:test_mode:280 - ep 185, steps: 295, reward:  280.08
2024-04-23 22:23:08.298 | INFO     | __main__:test_mode:280 - ep 186, steps: 265, reward:  266.56
2024-04-23 22:23:08.364 | INFO     | __main__:test_mode:280 - ep 187, steps: 270, reward:  252.35
2024-04-23 22:23:08.478 | INFO     | __main__:test_mode:280 - ep 188, steps: 298, reward:  293.54
2024-04-23 22:23:08.547 | INFO     | __main__:test_mode:280 - ep 189, steps: 288, reward:  252.76
2024-04-23 22:23:08.621 | INFO     | __main__:test_mode:280 - ep 190, steps: 306, reward:  241.35
2024-04-23 22:23:08.693 | INFO     | __main__:test_mode:280 - ep 191, steps: 306, reward:  246.13
2024-04-23 22:23:08.765 | INFO     | __main__:test_mode:280 - ep 192, steps: 300, reward:  255.19
2024-04-23 22:23:08.837 | INFO     | __main__:test_mode:280 - ep 193, steps: 299, reward:  257.42
2024-04-23 22:23:08.901 | INFO     | __main__:test_mode:280 - ep 194, steps: 266, reward:  268.47
2024-04-23 22:23:09.037 | INFO     | __main__:test_mode:280 - ep 195, steps: 261, reward:  244.37
2024-04-23 22:23:09.125 | INFO     | __main__:test_mode:280 - ep 196, steps: 290, reward:  270.18
2024-04-23 22:23:09.199 | INFO     | __main__:test_mode:280 - ep 197, steps: 301, reward:  299.63
2024-04-23 22:23:09.276 | INFO     | __main__:test_mode:280 - ep 198, steps: 321, reward:  253.33
2024-04-23 22:23:09.347 | INFO     | __main__:test_mode:280 - ep 199, steps: 294, reward:  276.15
2024-04-23 22:23:09.347 | INFO     | __main__:test_mode:285 - Test reward>=200:(189/200). Avg steps:285. Avg reward:  248.78
