2024-04-23 22:12:59.463 | INFO     | __main__:<module>:43 - hyparam: GAMMA0.988. LR:0.013000. STEP:390
2024-04-23 22:12:59.472 | INFO     | __main__:<module>:46 - using:cuda
2024-04-23 22:13:01.630 | INFO     | __main__:post_handle:209 - ep:  10. lc:  10. lr:0.013000. Test reward>=200:( 0/10). Avg steps(maxcnt):113( 0/10). Avg reward:-190.46
2024-04-23 22:13:01.915 | INFO     | __main__:post_handle:209 - ep:  20. lc:  20. lr:0.013000. Test reward>=200:( 0/10). Avg steps(maxcnt):112( 0/10). Avg reward:-201.95
2024-04-23 22:13:02.254 | INFO     | __main__:post_handle:209 - ep:  30. lc:  30. lr:0.013000. Test reward>=200:( 0/10). Avg steps(maxcnt):134( 0/10). Avg reward:-178.72
2024-04-23 22:13:02.603 | INFO     | __main__:post_handle:209 - ep:  40. lc:  40. lr:0.013000. Test reward>=200:( 0/10). Avg steps(maxcnt):139( 0/10). Avg reward:-143.92
2024-04-23 22:13:02.916 | INFO     | __main__:post_handle:209 - ep:  50. lc:  50. lr:0.013000. Test reward>=200:( 0/10). Avg steps(maxcnt):124( 0/10). Avg reward: -70.53
2024-04-23 22:13:03.238 | INFO     | __main__:post_handle:209 - ep:  60. lc:  60. lr:0.013000. Test reward>=200:( 0/10). Avg steps(maxcnt):127( 0/10). Avg reward:-116.43
2024-04-23 22:13:03.736 | INFO     | __main__:post_handle:209 - ep:  70. lc:  70. lr:0.013000. Test reward>=200:( 0/10). Avg steps(maxcnt):202( 2/10). Avg reward:-109.60
2024-04-23 22:13:04.314 | INFO     | __main__:post_handle:209 - ep:  80. lc:  80. lr:0.013000. Test reward>=200:( 0/10). Avg steps(maxcnt):235( 1/10). Avg reward:-101.05
2024-04-23 22:13:04.948 | INFO     | __main__:post_handle:209 - ep:  90. lc:  90. lr:0.013000. Test reward>=200:( 0/10). Avg steps(maxcnt):264( 2/10). Avg reward:-257.65
2024-04-23 22:13:05.493 | INFO     | __main__:post_handle:209 - ep: 100. lc: 100. lr:0.013000. Test reward>=200:( 0/10). Avg steps(maxcnt):230( 2/10). Avg reward: -90.71
2024-04-23 22:13:05.953 | INFO     | __main__:post_handle:209 - ep: 110. lc: 110. lr:0.013000. Test reward>=200:( 0/10). Avg steps(maxcnt):192( 1/10). Avg reward: -53.41
2024-04-23 22:13:06.652 | INFO     | __main__:post_handle:209 - ep: 120. lc: 120. lr:0.013000. Test reward>=200:( 0/10). Avg steps(maxcnt):297( 6/10). Avg reward:  29.67
2024-04-23 22:13:07.301 | INFO     | __main__:post_handle:209 - ep: 130. lc: 130. lr:0.013000. Test reward>=200:( 0/10). Avg steps(maxcnt):274( 5/10). Avg reward:  15.76
2024-04-23 22:13:07.944 | INFO     | __main__:post_handle:209 - ep: 140. lc: 140. lr:0.013000. Test reward>=200:( 0/10). Avg steps(maxcnt):271( 3/10). Avg reward:  -4.26
2024-04-23 22:13:08.305 | INFO     | __main__:post_handle:209 - ep: 150. lc: 150. lr:0.013000. Test reward>=200:( 0/10). Avg steps(maxcnt):148( 1/10). Avg reward:   6.08
2024-04-23 22:13:08.817 | INFO     | __main__:post_handle:209 - ep: 160. lc: 160. lr:0.013000. Test reward>=200:( 0/10). Avg steps(maxcnt):215( 1/10). Avg reward: -53.21
2024-04-23 22:13:09.109 | INFO     | __main__:post_handle:209 - ep: 170. lc: 170. lr:0.013000. Test reward>=200:( 0/10). Avg steps(maxcnt):118( 0/10). Avg reward:-104.62
2024-04-23 22:13:09.487 | INFO     | __main__:post_handle:209 - ep: 180. lc: 180. lr:0.013000. Test reward>=200:( 0/10). Avg steps(maxcnt):156( 0/10). Avg reward:-128.75
2024-04-23 22:13:09.711 | INFO     | __main__:post_handle:209 - ep: 190. lc: 190. lr:0.013000. Test reward>=200:( 0/10). Avg steps(maxcnt): 88( 0/10). Avg reward: -55.12
2024-04-23 22:13:09.957 | INFO     | __main__:post_handle:209 - ep: 200. lc: 200. lr:0.013000. Test reward>=200:( 0/10). Avg steps(maxcnt): 98( 0/10). Avg reward:  -0.35
2024-04-23 22:13:10.502 | INFO     | __main__:post_handle:209 - ep: 210. lc: 210. lr:0.013000. Test reward>=200:( 0/10). Avg steps(maxcnt):228( 2/10). Avg reward:  17.34
2024-04-23 22:13:11.277 | INFO     | __main__:post_handle:209 - ep: 220. lc: 220. lr:0.013000. Test reward>=200:( 0/10). Avg steps(maxcnt):328( 6/10). Avg reward:  -6.84
2024-04-23 22:13:12.125 | INFO     | __main__:post_handle:209 - ep: 230. lc: 230. lr:0.013000. Test reward>=200:( 0/10). Avg steps(maxcnt):365( 8/10). Avg reward:   9.02
2024-04-23 22:13:13.143 | INFO     | __main__:post_handle:209 - ep: 240. lc: 240. lr:0.013000. Test reward>=200:( 0/10). Avg steps(maxcnt):390(10/10). Avg reward:  43.81
2024-04-23 22:13:13.967 | INFO     | __main__:post_handle:209 - ep: 250. lc: 250. lr:0.013000. Test reward>=200:( 0/10). Avg steps(maxcnt):347( 7/10). Avg reward:  25.83
2024-04-23 22:13:14.754 | INFO     | __main__:post_handle:209 - ep: 260. lc: 260. lr:0.013000. Test reward>=200:( 2/10). Avg steps(maxcnt):328( 5/10). Avg reward:  64.67
2024-04-23 22:13:15.628 | INFO     | __main__:post_handle:209 - ep: 270. lc: 270. lr:0.013000. Test reward>=200:( 0/10). Avg steps(maxcnt):365( 7/10). Avg reward:  49.54
2024-04-23 22:13:16.539 | INFO     | __main__:post_handle:209 - ep: 280. lc: 280. lr:0.013000. Test reward>=200:( 0/10). Avg steps(maxcnt):381( 8/10). Avg reward:  54.75
2024-04-23 22:13:17.395 | INFO     | __main__:post_handle:209 - ep: 290. lc: 290. lr:0.013000. Test reward>=200:( 0/10). Avg steps(maxcnt):362( 8/10). Avg reward:  78.91
2024-04-23 22:13:18.303 | INFO     | __main__:post_handle:209 - ep: 300. lc: 300. lr:0.013000. Test reward>=200:( 0/10). Avg steps(maxcnt):381( 9/10). Avg reward:  78.65
2024-04-23 22:13:19.172 | INFO     | __main__:post_handle:209 - ep: 310. lc: 310. lr:0.013000. Test reward>=200:( 0/10). Avg steps(maxcnt):366( 9/10). Avg reward:  62.23
2024-04-23 22:13:19.670 | INFO     | __main__:post_handle:209 - ep: 320. lc: 320. lr:0.013000. Test reward>=200:( 0/10). Avg steps(maxcnt):202( 3/10). Avg reward:  47.63
2024-04-23 22:13:20.313 | INFO     | __main__:post_handle:209 - ep: 330. lc: 330. lr:0.013000. Test reward>=200:( 0/10). Avg steps(maxcnt):266( 5/10). Avg reward:  57.91
2024-04-23 22:13:21.295 | INFO     | __main__:post_handle:209 - ep: 340. lc: 340. lr:0.013000. Test reward>=200:( 0/10). Avg steps(maxcnt):388( 9/10). Avg reward:  68.36
2024-04-23 22:13:22.405 | INFO     | __main__:post_handle:209 - ep: 350. lc: 350. lr:0.013000. Test reward>=200:( 1/10). Avg steps(maxcnt):386( 9/10). Avg reward: 107.37
2024-04-23 22:13:23.408 | INFO     | __main__:post_handle:209 - ep: 360. lc: 360. lr:0.013000. Test reward>=200:( 0/10). Avg steps(maxcnt):354( 8/10). Avg reward:  30.10
2024-04-23 22:13:24.340 | INFO     | __main__:post_handle:209 - ep: 370. lc: 370. lr:0.013000. Test reward>=200:( 1/10). Avg steps(maxcnt):328( 7/10). Avg reward:  51.81
2024-04-23 22:13:25.372 | INFO     | __main__:post_handle:209 - ep: 380. lc: 380. lr:0.013000. Test reward>=200:( 0/10). Avg steps(maxcnt):368( 9/10). Avg reward:  88.62
2024-04-23 22:13:26.399 | INFO     | __main__:post_handle:209 - ep: 390. lc: 390. lr:0.013000. Test reward>=200:( 0/10). Avg steps(maxcnt):366( 9/10). Avg reward:  89.80
2024-04-23 22:13:27.415 | INFO     | __main__:post_handle:209 - ep: 400. lc: 400. lr:0.013000. Test reward>=200:( 0/10). Avg steps(maxcnt):366( 9/10). Avg reward:  12.21
2024-04-23 22:13:28.406 | INFO     | __main__:post_handle:209 - ep: 410. lc: 410. lr:0.013000. Test reward>=200:( 0/10). Avg steps(maxcnt):348( 8/10). Avg reward:  -3.34
2024-04-23 22:13:29.487 | INFO     | __main__:post_handle:209 - ep: 420. lc: 420. lr:0.013000. Test reward>=200:( 0/10). Avg steps(maxcnt):390(10/10). Avg reward:  50.69
2024-04-23 22:13:30.567 | INFO     | __main__:post_handle:209 - ep: 430. lc: 430. lr:0.013000. Test reward>=200:( 0/10). Avg steps(maxcnt):390(10/10). Avg reward:  71.15
2024-04-23 22:13:31.684 | INFO     | __main__:post_handle:209 - ep: 440. lc: 440. lr:0.013000. Test reward>=200:( 0/10). Avg steps(maxcnt):389( 9/10). Avg reward:  60.04
2024-04-23 22:13:32.761 | INFO     | __main__:post_handle:209 - ep: 450. lc: 450. lr:0.013000. Test reward>=200:( 0/10). Avg steps(maxcnt):390(10/10). Avg reward:  63.46
2024-04-23 22:13:33.835 | INFO     | __main__:post_handle:209 - ep: 460. lc: 460. lr:0.013000. Test reward>=200:( 0/10). Avg steps(maxcnt):390(10/10). Avg reward:  70.61
2024-04-23 22:13:34.911 | INFO     | __main__:post_handle:209 - ep: 470. lc: 470. lr:0.013000. Test reward>=200:( 0/10). Avg steps(maxcnt):390(10/10). Avg reward:  91.11
2024-04-23 22:13:35.987 | INFO     | __main__:post_handle:209 - ep: 480. lc: 480. lr:0.013000. Test reward>=200:( 0/10). Avg steps(maxcnt):390(10/10). Avg reward:  75.18
2024-04-23 22:13:37.062 | INFO     | __main__:post_handle:209 - ep: 490. lc: 490. lr:0.013000. Test reward>=200:( 0/10). Avg steps(maxcnt):390(10/10). Avg reward:  58.54
2024-04-23 22:13:38.139 | INFO     | __main__:post_handle:209 - ep: 500. lc: 500. lr:0.013000. Test reward>=200:( 0/10). Avg steps(maxcnt):390(10/10). Avg reward:  42.03
2024-04-23 22:13:39.213 | INFO     | __main__:post_handle:209 - ep: 510. lc: 510. lr:0.013000. Test reward>=200:( 0/10). Avg steps(maxcnt):384( 9/10). Avg reward:  83.07
2024-04-23 22:13:40.285 | INFO     | __main__:post_handle:209 - ep: 520. lc: 520. lr:0.013000. Test reward>=200:( 1/10). Avg steps(maxcnt):384( 9/10). Avg reward: 109.12
2024-04-23 22:13:41.400 | INFO     | __main__:post_handle:209 - ep: 530. lc: 530. lr:0.013000. Test reward>=200:( 0/10). Avg steps(maxcnt):380( 9/10). Avg reward:  85.77
2024-04-23 22:13:42.161 | INFO     | __main__:post_handle:209 - ep: 540. lc: 540. lr:0.013000. Test reward>=200:( 1/10). Avg steps(maxcnt):272( 5/10). Avg reward:  97.13
2024-04-23 22:13:43.242 | INFO     | __main__:post_handle:209 - ep: 550. lc: 550. lr:0.013000. Test reward>=200:( 1/10). Avg steps(maxcnt):358( 8/10). Avg reward: 111.00
2024-04-23 22:13:44.272 | INFO     | __main__:post_handle:209 - ep: 560. lc: 560. lr:0.013000. Test reward>=200:( 0/10). Avg steps(maxcnt):362( 9/10). Avg reward:  50.52
2024-04-23 22:13:45.381 | INFO     | __main__:post_handle:209 - ep: 570. lc: 570. lr:0.013000. Test reward>=200:( 0/10). Avg steps(maxcnt):390(10/10). Avg reward:  11.86
2024-04-23 22:13:46.495 | INFO     | __main__:post_handle:209 - ep: 580. lc: 580. lr:0.013000. Test reward>=200:( 0/10). Avg steps(maxcnt):390(10/10). Avg reward:   2.00
2024-04-23 22:13:47.488 | INFO     | __main__:post_handle:209 - ep: 590. lc: 590. lr:0.013000. Test reward>=200:( 0/10). Avg steps(maxcnt):346( 8/10). Avg reward: -10.29
2024-04-23 22:13:48.404 | INFO     | __main__:post_handle:209 - ep: 600. lc: 600. lr:0.013000. Test reward>=200:( 0/10). Avg steps(maxcnt):317( 7/10). Avg reward:   8.42
2024-04-23 22:13:49.250 | INFO     | __main__:post_handle:209 - ep: 610. lc: 610. lr:0.013000. Test reward>=200:( 1/10). Avg steps(maxcnt):294( 6/10). Avg reward:  37.79
2024-04-23 22:13:50.360 | INFO     | __main__:post_handle:209 - ep: 620. lc: 620. lr:0.013000. Test reward>=200:( 1/10). Avg steps(maxcnt):353( 8/10). Avg reward:  91.25
2024-04-23 22:13:51.406 | INFO     | __main__:post_handle:209 - ep: 630. lc: 630. lr:0.013000. Test reward>=200:( 0/10). Avg steps(maxcnt):376( 9/10). Avg reward:  89.14
2024-04-23 22:13:52.270 | INFO     | __main__:post_handle:209 - ep: 640. lc: 640. lr:0.013000. Test reward>=200:( 0/10). Avg steps(maxcnt):308( 7/10). Avg reward:  67.75
2024-04-23 22:13:52.954 | INFO     | __main__:post_handle:209 - ep: 650. lc: 650. lr:0.013000. Test reward>=200:( 1/10). Avg steps(maxcnt):234( 2/10). Avg reward:  18.57
2024-04-23 22:13:53.913 | INFO     | __main__:post_handle:209 - ep: 660. lc: 660. lr:0.013000. Test reward>=200:( 0/10). Avg steps(maxcnt):344( 8/10). Avg reward:  34.49
2024-04-23 22:13:54.978 | INFO     | __main__:post_handle:209 - ep: 670. lc: 670. lr:0.013000. Test reward>=200:( 0/10). Avg steps(maxcnt):388( 9/10). Avg reward:  54.85
2024-04-23 22:13:55.872 | INFO     | __main__:post_handle:209 - ep: 680. lc: 680. lr:0.013000. Test reward>=200:( 0/10). Avg steps(maxcnt):324( 7/10). Avg reward:  57.73
2024-04-23 22:13:56.745 | INFO     | __main__:post_handle:209 - ep: 690. lc: 690. lr:0.013000. Test reward>=200:( 0/10). Avg steps(maxcnt):316( 7/10). Avg reward:  74.17
2024-04-23 22:13:57.646 | INFO     | __main__:post_handle:209 - ep: 700. lc: 700. lr:0.013000. Test reward>=200:( 0/10). Avg steps(maxcnt):324( 7/10). Avg reward:  54.48
2024-04-23 22:13:58.447 | INFO     | __main__:post_handle:209 - ep: 710. lc: 710. lr:0.013000. Test reward>=200:( 0/10). Avg steps(maxcnt):289( 5/10). Avg reward:  19.70
2024-04-23 22:13:59.152 | INFO     | __main__:post_handle:209 - ep: 720. lc: 720. lr:0.013000. Test reward>=200:( 1/10). Avg steps(maxcnt):248( 4/10). Avg reward: -26.20
2024-04-23 22:13:59.954 | INFO     | __main__:post_handle:209 - ep: 730. lc: 730. lr:0.013000. Test reward>=200:( 0/10). Avg steps(maxcnt):278( 5/10). Avg reward:  29.00
2024-04-23 22:14:00.537 | INFO     | __main__:post_handle:209 - ep: 740. lc: 740. lr:0.013000. Test reward>=200:( 0/10). Avg steps(maxcnt):204( 3/10). Avg reward: -36.36
2024-04-23 22:14:01.206 | INFO     | __main__:post_handle:209 - ep: 750. lc: 750. lr:0.013000. Test reward>=200:( 0/10). Avg steps(maxcnt):238( 4/10). Avg reward:-112.57
2024-04-23 22:14:02.146 | INFO     | __main__:post_handle:209 - ep: 760. lc: 760. lr:0.013000. Test reward>=200:( 0/10). Avg steps(maxcnt):339( 8/10). Avg reward:  15.93
2024-04-23 22:14:03.106 | INFO     | __main__:post_handle:209 - ep: 770. lc: 770. lr:0.013000. Test reward>=200:( 0/10). Avg steps(maxcnt):327( 8/10). Avg reward:  45.52
2024-04-23 22:14:04.073 | INFO     | __main__:post_handle:209 - ep: 780. lc: 780. lr:0.013000. Test reward>=200:( 0/10). Avg steps(maxcnt):359( 9/10). Avg reward:  60.76
2024-04-23 22:14:04.805 | INFO     | __main__:post_handle:209 - ep: 790. lc: 790. lr:0.013000. Test reward>=200:( 0/10). Avg steps(maxcnt):268( 6/10). Avg reward:  23.86
2024-04-23 22:14:05.434 | INFO     | __main__:post_handle:209 - ep: 800. lc: 800. lr:0.013000. Test reward>=200:( 1/10). Avg steps(maxcnt):226( 4/10). Avg reward:  47.39
2024-04-23 22:14:05.814 | INFO     | __main__:post_handle:209 - ep: 810. lc: 810. lr:0.013000. Test reward>=200:( 0/10). Avg steps(maxcnt):132( 1/10). Avg reward:   5.27
2024-04-23 22:14:06.238 | INFO     | __main__:post_handle:209 - ep: 820. lc: 820. lr:0.013000. Test reward>=200:( 1/10). Avg steps(maxcnt):144( 1/10). Avg reward:  61.30
2024-04-23 22:14:06.530 | INFO     | __main__:post_handle:209 - ep: 830. lc: 830. lr:0.013000. Test reward>=200:( 0/10). Avg steps(maxcnt):100( 0/10). Avg reward:   4.72
2024-04-23 22:14:06.775 | INFO     | __main__:post_handle:209 - ep: 840. lc: 840. lr:0.013000. Test reward>=200:( 0/10). Avg steps(maxcnt): 82( 0/10). Avg reward: -51.98
2024-04-23 22:14:06.987 | INFO     | __main__:post_handle:209 - ep: 850. lc: 850. lr:0.013000. Test reward>=200:( 0/10). Avg steps(maxcnt): 69( 0/10). Avg reward: -73.12
2024-04-23 22:14:07.235 | INFO     | __main__:post_handle:209 - ep: 860. lc: 860. lr:0.013000. Test reward>=200:( 0/10). Avg steps(maxcnt): 81( 0/10). Avg reward: -83.83
2024-04-23 22:14:07.572 | INFO     | __main__:post_handle:209 - ep: 870. lc: 870. lr:0.013000. Test reward>=200:( 0/10). Avg steps(maxcnt):114( 1/10). Avg reward: -30.27
2024-04-23 22:14:07.828 | INFO     | __main__:post_handle:209 - ep: 880. lc: 880. lr:0.013000. Test reward>=200:( 0/10). Avg steps(maxcnt): 86( 0/10). Avg reward: -41.20
2024-04-23 22:14:08.121 | INFO     | __main__:post_handle:209 - ep: 890. lc: 890. lr:0.013000. Test reward>=200:( 0/10). Avg steps(maxcnt): 98( 0/10). Avg reward: -54.69
2024-04-23 22:14:08.564 | INFO     | __main__:post_handle:209 - ep: 900. lc: 900. lr:0.013000. Test reward>=200:( 0/10). Avg steps(maxcnt): 81( 0/10). Avg reward: -42.53
2024-04-23 22:14:08.807 | INFO     | __main__:post_handle:209 - ep: 910. lc: 910. lr:0.013000. Test reward>=200:( 0/10). Avg steps(maxcnt): 99( 0/10). Avg reward: -66.84
2024-04-23 22:14:09.179 | INFO     | __main__:post_handle:209 - ep: 920. lc: 920. lr:0.013000. Test reward>=200:( 0/10). Avg steps(maxcnt):135( 0/10). Avg reward: -73.95
2024-04-23 22:14:09.628 | INFO     | __main__:post_handle:209 - ep: 930. lc: 930. lr:0.013000. Test reward>=200:( 0/10). Avg steps(maxcnt):159( 1/10). Avg reward:-128.97
2024-04-23 22:14:09.930 | INFO     | __main__:post_handle:209 - ep: 940. lc: 940. lr:0.013000. Test reward>=200:( 0/10). Avg steps(maxcnt):105( 0/10). Avg reward:-152.76
2024-04-23 22:14:10.244 | INFO     | __main__:post_handle:209 - ep: 950. lc: 950. lr:0.013000. Test reward>=200:( 0/10). Avg steps(maxcnt):107( 0/10). Avg reward: -65.33
2024-04-23 22:14:10.579 | INFO     | __main__:post_handle:209 - ep: 960. lc: 960. lr:0.013000. Test reward>=200:( 0/10). Avg steps(maxcnt):116( 0/10). Avg reward: -72.82
2024-04-23 22:14:11.140 | INFO     | __main__:post_handle:209 - ep: 970. lc: 970. lr:0.013000. Test reward>=200:( 0/10). Avg steps(maxcnt):200( 0/10). Avg reward: -35.69
2024-04-23 22:14:11.800 | INFO     | __main__:post_handle:209 - ep: 980. lc: 980. lr:0.013000. Test reward>=200:( 0/10). Avg steps(maxcnt):238( 2/10). Avg reward: -19.60
2024-04-23 22:14:12.416 | INFO     | __main__:post_handle:209 - ep: 990. lc: 990. lr:0.013000. Test reward>=200:( 1/10). Avg steps(maxcnt):224( 1/10). Avg reward:  15.27
2024-04-23 22:14:13.342 | INFO     | __main__:post_handle:209 - ep:1000. lc:1000. lr:0.013000. Test reward>=200:( 0/10). Avg steps(maxcnt):343( 6/10). Avg reward:   0.25
2024-04-23 22:14:14.385 | INFO     | __main__:post_handle:209 - ep:1010. lc:1010. lr:0.013000. Test reward>=200:( 0/10). Avg steps(maxcnt):388( 8/10). Avg reward:  44.92
2024-04-23 22:14:15.282 | INFO     | __main__:post_handle:209 - ep:1020. lc:1020. lr:0.013000. Test reward>=200:( 0/10). Avg steps(maxcnt):323( 7/10). Avg reward: -25.05
2024-04-23 22:14:16.195 | INFO     | __main__:post_handle:209 - ep:1030. lc:1030. lr:0.013000. Test reward>=200:( 0/10). Avg steps(maxcnt):335( 7/10). Avg reward:  16.25
2024-04-23 22:14:17.061 | INFO     | __main__:post_handle:209 - ep:1040. lc:1040. lr:0.013000. Test reward>=200:( 1/10). Avg steps(maxcnt):316( 5/10). Avg reward:  47.00
2024-04-23 22:14:17.864 | INFO     | __main__:post_handle:209 - ep:1050. lc:1050. lr:0.013000. Test reward>=200:( 2/10). Avg steps(maxcnt):292( 4/10). Avg reward:  96.37
2024-04-23 22:14:18.669 | INFO     | __main__:post_handle:209 - ep:1060. lc:1060. lr:0.013000. Test reward>=200:( 1/10). Avg steps(maxcnt):294( 5/10). Avg reward:  70.89
2024-04-23 22:14:19.573 | INFO     | __main__:post_handle:209 - ep:1070. lc:1070. lr:0.013000. Test reward>=200:( 0/10). Avg steps(maxcnt):334( 8/10). Avg reward:  73.60
2024-04-23 22:14:20.579 | INFO     | __main__:post_handle:209 - ep:1080. lc:1080. lr:0.013000. Test reward>=200:( 1/10). Avg steps(maxcnt):348( 8/10). Avg reward: 106.63
2024-04-23 22:14:21.264 | INFO     | __main__:post_handle:209 - ep:1090. lc:1090. lr:0.013000. Test reward>=200:( 0/10). Avg steps(maxcnt):250( 4/10). Avg reward:  48.67
2024-04-23 22:14:22.086 | INFO     | __main__:post_handle:209 - ep:1100. lc:1100. lr:0.013000. Test reward>=200:( 3/10). Avg steps(maxcnt):272( 2/10). Avg reward:  86.69
2024-04-23 22:14:22.486 | INFO     | __main__:post_handle:209 - ep:1110. lc:1110. lr:0.013000. Test reward>=200:( 0/10). Avg steps(maxcnt):129( 0/10). Avg reward: -25.45
2024-04-23 22:14:23.300 | SUCCESS  | __main__:save_best_w:99 - save best file: w/w_best.pt_rw234_lr0.013000_gm0.9880_ep1120
2024-04-23 22:14:23.300 | INFO     | __main__:post_handle:209 - ep:1120. lc:1120. lr:0.013000. Test reward>=200:( 9/10). Avg steps(maxcnt):292( 0/10). Avg reward: 234.26
2024-04-23 22:14:24.024 | INFO     | __main__:post_handle:209 - ep:1130. lc:1130. lr:0.013000. Test reward>=200:( 4/10). Avg steps(maxcnt):260( 2/10). Avg reward: 114.59
2024-04-23 22:14:24.800 | INFO     | __main__:post_handle:209 - ep:1140. lc:1140. lr:0.013000. Test reward>=200:( 7/10). Avg steps(maxcnt):256( 0/10). Avg reward: 184.20
2024-04-23 22:14:25.498 | INFO     | __main__:post_handle:209 - ep:1150. lc:1150. lr:0.013000. Test reward>=200:( 6/10). Avg steps(maxcnt):253( 1/10). Avg reward: 169.48
2024-04-23 22:14:26.132 | INFO     | __main__:post_handle:209 - ep:1160. lc:1160. lr:0.013000. Test reward>=200:( 4/10). Avg steps(maxcnt):228( 1/10). Avg reward: 110.41
2024-04-23 22:14:26.754 | INFO     | __main__:post_handle:209 - ep:1170. lc:1170. lr:0.013000. Test reward>=200:( 6/10). Avg steps(maxcnt):225( 0/10). Avg reward: 169.56
2024-04-23 22:14:27.381 | INFO     | __main__:post_handle:209 - ep:1180. lc:1180. lr:0.013000. Test reward>=200:( 6/10). Avg steps(maxcnt):226( 0/10). Avg reward: 154.58
2024-04-23 22:14:28.128 | INFO     | __main__:post_handle:209 - ep:1190. lc:1190. lr:0.013000. Test reward>=200:( 6/10). Avg steps(maxcnt):271( 0/10). Avg reward: 149.37
2024-04-23 22:14:28.999 | INFO     | __main__:post_handle:209 - ep:1200. lc:1200. lr:0.013000. Test reward>=200:( 3/10). Avg steps(maxcnt):288( 4/10). Avg reward: 140.44
2024-04-23 22:14:29.767 | INFO     | __main__:post_handle:209 - ep:1210. lc:1210. lr:0.013000. Test reward>=200:( 5/10). Avg steps(maxcnt):279( 3/10). Avg reward: 168.73
2024-04-23 22:14:30.451 | INFO     | __main__:post_handle:209 - ep:1220. lc:1220. lr:0.013000. Test reward>=200:( 5/10). Avg steps(maxcnt):204( 0/10). Avg reward: 136.02
2024-04-23 22:14:30.985 | INFO     | __main__:post_handle:209 - ep:1230. lc:1230. lr:0.013000. Test reward>=200:( 7/10). Avg steps(maxcnt):201( 0/10). Avg reward: 189.49
2024-04-23 22:14:31.617 | INFO     | __main__:post_handle:209 - ep:1240. lc:1240. lr:0.013000. Test reward>=200:( 5/10). Avg steps(maxcnt):226( 1/10). Avg reward: 146.65
2024-04-23 22:14:32.208 | INFO     | __main__:post_handle:209 - ep:1250. lc:1250. lr:0.013000. Test reward>=200:( 6/10). Avg steps(maxcnt):210( 1/10). Avg reward: 160.66
2024-04-23 22:14:32.873 | INFO     | __main__:post_handle:209 - ep:1260. lc:1260. lr:0.013000. Test reward>=200:( 4/10). Avg steps(maxcnt):240( 1/10). Avg reward:  78.33
2024-04-23 22:14:33.201 | INFO     | __main__:post_handle:209 - ep:1270. lc:1270. lr:0.013000. Test reward>=200:( 0/10). Avg steps(maxcnt):110( 0/10). Avg reward: -49.64
2024-04-23 22:14:33.545 | INFO     | __main__:post_handle:209 - ep:1280. lc:1280. lr:0.013000. Test reward>=200:( 0/10). Avg steps(maxcnt):116( 0/10). Avg reward: -78.59
2024-04-23 22:14:33.894 | INFO     | __main__:post_handle:209 - ep:1290. lc:1290. lr:0.013000. Test reward>=200:( 0/10). Avg steps(maxcnt):120( 0/10). Avg reward:-100.58
2024-04-23 22:14:34.229 | INFO     | __main__:post_handle:209 - ep:1300. lc:1300. lr:0.013000. Test reward>=200:( 0/10). Avg steps(maxcnt):114( 0/10). Avg reward: -89.61
2024-04-23 22:14:34.606 | INFO     | __main__:post_handle:209 - ep:1310. lc:1310. lr:0.013000. Test reward>=200:( 0/10). Avg steps(maxcnt):131( 0/10). Avg reward: -77.68
2024-04-23 22:14:34.959 | INFO     | __main__:post_handle:209 - ep:1320. lc:1320. lr:0.013000. Test reward>=200:( 0/10). Avg steps(maxcnt):122( 0/10). Avg reward: -53.97
2024-04-23 22:14:35.630 | INFO     | __main__:post_handle:209 - ep:1330. lc:1330. lr:0.013000. Test reward>=200:( 1/10). Avg steps(maxcnt):242( 1/10). Avg reward: -18.11
2024-04-23 22:14:36.327 | INFO     | __main__:post_handle:209 - ep:1340. lc:1340. lr:0.013000. Test reward>=200:( 6/10). Avg steps(maxcnt):252( 1/10). Avg reward: 153.03
2024-04-23 22:14:36.679 | INFO     | __main__:post_handle:209 - ep:1350. lc:1350. lr:0.013000. Test reward>=200:( 0/10). Avg steps(maxcnt):123( 0/10). Avg reward: -14.33
2024-04-23 22:14:37.091 | INFO     | __main__:post_handle:209 - ep:1360. lc:1360. lr:0.013000. Test reward>=200:( 2/10). Avg steps(maxcnt):145( 0/10). Avg reward:  21.76
2024-04-23 22:14:37.477 | INFO     | __main__:post_handle:209 - ep:1370. lc:1370. lr:0.013000. Test reward>=200:( 2/10). Avg steps(maxcnt):136( 0/10). Avg reward:  43.84
2024-04-23 22:14:37.889 | INFO     | __main__:post_handle:209 - ep:1380. lc:1380. lr:0.013000. Test reward>=200:( 2/10). Avg steps(maxcnt):145( 0/10). Avg reward:  51.06
2024-04-23 22:14:38.408 | INFO     | __main__:post_handle:209 - ep:1390. lc:1390. lr:0.013000. Test reward>=200:( 6/10). Avg steps(maxcnt):183( 0/10). Avg reward: 163.43
2024-04-23 22:14:39.086 | INFO     | __main__:post_handle:209 - ep:1400. lc:1400. lr:0.013000. Test reward>=200:( 4/10). Avg steps(maxcnt):245( 2/10). Avg reward: 121.48
2024-04-23 22:14:39.842 | INFO     | __main__:post_handle:209 - ep:1410. lc:1410. lr:0.013000. Test reward>=200:( 9/10). Avg steps(maxcnt):275( 0/10). Avg reward: 217.80
2024-04-23 22:14:40.560 | INFO     | __main__:post_handle:209 - ep:1420. lc:1420. lr:0.013000. Test reward>=200:( 6/10). Avg steps(maxcnt):260( 0/10). Avg reward: 139.77
2024-04-23 22:14:41.516 | INFO     | __main__:post_handle:209 - ep:1430. lc:1430. lr:0.013000. Test reward>=200:( 2/10). Avg steps(maxcnt):352( 6/10). Avg reward:  91.89
2024-04-23 22:14:43.019 | INFO     | __main__:post_handle:209 - ep:1440. lc:1440. lr:0.013000. Test reward>=200:( 0/10). Avg steps(maxcnt):386( 9/10). Avg reward:  25.68
2024-04-23 22:14:44.105 | INFO     | __main__:post_handle:209 - ep:1450. lc:1450. lr:0.013000. Test reward>=200:( 0/10). Avg steps(maxcnt):344( 5/10). Avg reward: -47.41
2024-04-23 22:14:45.145 | INFO     | __main__:post_handle:209 - ep:1460. lc:1460. lr:0.013000. Test reward>=200:( 0/10). Avg steps(maxcnt):317( 6/10). Avg reward: -23.37
2024-04-23 22:14:46.457 | INFO     | __main__:post_handle:209 - ep:1470. lc:1470. lr:0.013000. Test reward>=200:( 0/10). Avg steps(maxcnt):390(10/10). Avg reward:  35.05
2024-04-23 22:14:47.904 | INFO     | __main__:post_handle:209 - ep:1480. lc:1480. lr:0.013000. Test reward>=200:( 0/10). Avg steps(maxcnt):390(10/10). Avg reward:  73.75
2024-04-23 22:14:48.981 | INFO     | __main__:post_handle:209 - ep:1490. lc:1490. lr:0.013000. Test reward>=200:( 0/10). Avg steps(maxcnt):390(10/10). Avg reward:  63.31
2024-04-23 22:14:50.023 | INFO     | __main__:post_handle:209 - ep:1500. lc:1500. lr:0.013000. Test reward>=200:( 0/10). Avg steps(maxcnt):390(10/10). Avg reward:  68.80
2024-04-23 22:14:51.042 | INFO     | __main__:post_handle:209 - ep:1510. lc:1510. lr:0.013000. Test reward>=200:( 1/10). Avg steps(maxcnt):378( 8/10). Avg reward:  81.55
2024-04-23 22:14:51.929 | INFO     | __main__:post_handle:209 - ep:1520. lc:1520. lr:0.013000. Test reward>=200:( 1/10). Avg steps(maxcnt):330( 7/10). Avg reward:  84.95
2024-04-23 22:14:52.843 | INFO     | __main__:post_handle:209 - ep:1530. lc:1530. lr:0.013000. Test reward>=200:( 2/10). Avg steps(maxcnt):339( 5/10). Avg reward: 102.53
2024-04-23 22:14:53.878 | INFO     | __main__:post_handle:209 - ep:1540. lc:1540. lr:0.013000. Test reward>=200:( 0/10). Avg steps(maxcnt):371( 9/10). Avg reward:  78.03
2024-04-23 22:14:54.855 | INFO     | __main__:post_handle:209 - ep:1550. lc:1550. lr:0.013000. Test reward>=200:( 2/10). Avg steps(maxcnt):359( 7/10). Avg reward: 113.60
2024-04-23 22:14:55.876 | INFO     | __main__:post_handle:209 - ep:1560. lc:1560. lr:0.013000. Test reward>=200:( 0/10). Avg steps(maxcnt):381( 9/10). Avg reward:  77.77
2024-04-23 22:14:56.921 | INFO     | __main__:post_handle:209 - ep:1570. lc:1570. lr:0.013000. Test reward>=200:( 0/10). Avg steps(maxcnt):390(10/10). Avg reward:  95.48
2024-04-23 22:14:57.963 | INFO     | __main__:post_handle:209 - ep:1580. lc:1580. lr:0.013000. Test reward>=200:( 0/10). Avg steps(maxcnt):390(10/10). Avg reward:  89.13
2024-04-23 22:14:59.003 | INFO     | __main__:post_handle:209 - ep:1590. lc:1590. lr:0.013000. Test reward>=200:( 0/10). Avg steps(maxcnt):390(10/10). Avg reward:  72.15
2024-04-23 22:15:00.046 | INFO     | __main__:post_handle:209 - ep:1600. lc:1600. lr:0.013000. Test reward>=200:( 0/10). Avg steps(maxcnt):390(10/10). Avg reward:  79.95
2024-04-23 22:15:01.092 | INFO     | __main__:post_handle:209 - ep:1610. lc:1610. lr:0.013000. Test reward>=200:( 0/10). Avg steps(maxcnt):390(10/10). Avg reward: 102.88
2024-04-23 22:15:02.136 | INFO     | __main__:post_handle:209 - ep:1620. lc:1620. lr:0.013000. Test reward>=200:( 0/10). Avg steps(maxcnt):390(10/10). Avg reward:  88.89
2024-04-23 22:15:03.181 | INFO     | __main__:post_handle:209 - ep:1630. lc:1630. lr:0.013000. Test reward>=200:( 0/10). Avg steps(maxcnt):390(10/10). Avg reward:  98.97
2024-04-23 22:15:04.232 | INFO     | __main__:post_handle:209 - ep:1640. lc:1640. lr:0.013000. Test reward>=200:( 0/10). Avg steps(maxcnt):390(10/10). Avg reward:  80.16
2024-04-23 22:15:05.231 | INFO     | __main__:post_handle:209 - ep:1650. lc:1650. lr:0.013000. Test reward>=200:( 1/10). Avg steps(maxcnt):368( 9/10). Avg reward:  97.41
2024-04-23 22:15:06.214 | INFO     | __main__:post_handle:209 - ep:1660. lc:1660. lr:0.013000. Test reward>=200:( 0/10). Avg steps(maxcnt):363( 9/10). Avg reward:  58.24
2024-04-23 22:15:07.265 | INFO     | __main__:post_handle:209 - ep:1670. lc:1670. lr:0.013000. Test reward>=200:( 0/10). Avg steps(maxcnt):390(10/10). Avg reward:  44.89
2024-04-23 22:15:08.293 | INFO     | __main__:post_handle:209 - ep:1680. lc:1680. lr:0.013000. Test reward>=200:( 0/10). Avg steps(maxcnt):380( 9/10). Avg reward:  51.72
2024-04-23 22:15:09.344 | INFO     | __main__:post_handle:209 - ep:1690. lc:1690. lr:0.013000. Test reward>=200:( 0/10). Avg steps(maxcnt):390(10/10). Avg reward:  56.72
2024-04-23 22:15:10.392 | INFO     | __main__:post_handle:209 - ep:1700. lc:1700. lr:0.013000. Test reward>=200:( 0/10). Avg steps(maxcnt):390(10/10). Avg reward:  50.44
2024-04-23 22:15:11.437 | INFO     | __main__:post_handle:209 - ep:1710. lc:1710. lr:0.013000. Test reward>=200:( 0/10). Avg steps(maxcnt):390(10/10). Avg reward:   2.73
2024-04-23 22:15:12.482 | INFO     | __main__:post_handle:209 - ep:1720. lc:1720. lr:0.013000. Test reward>=200:( 0/10). Avg steps(maxcnt):390(10/10). Avg reward:  33.94
2024-04-23 22:15:13.528 | INFO     | __main__:post_handle:209 - ep:1730. lc:1730. lr:0.013000. Test reward>=200:( 0/10). Avg steps(maxcnt):390(10/10). Avg reward:  47.84
2024-04-23 22:15:14.574 | INFO     | __main__:post_handle:209 - ep:1740. lc:1740. lr:0.013000. Test reward>=200:( 0/10). Avg steps(maxcnt):390(10/10). Avg reward:  36.87
2024-04-23 22:15:15.630 | INFO     | __main__:post_handle:209 - ep:1750. lc:1750. lr:0.013000. Test reward>=200:( 0/10). Avg steps(maxcnt):390(10/10). Avg reward:  27.08
2024-04-23 22:15:16.670 | INFO     | __main__:post_handle:209 - ep:1760. lc:1760. lr:0.013000. Test reward>=200:( 0/10). Avg steps(maxcnt):386( 9/10). Avg reward:  11.58
2024-04-23 22:15:17.694 | INFO     | __main__:post_handle:209 - ep:1770. lc:1770. lr:0.013000. Test reward>=200:( 0/10). Avg steps(maxcnt):356( 6/10). Avg reward: -34.95
2024-04-23 22:15:18.637 | INFO     | __main__:post_handle:209 - ep:1780. lc:1780. lr:0.013000. Test reward>=200:( 0/10). Avg steps(maxcnt):349( 6/10). Avg reward: -19.24
2024-04-23 22:15:19.441 | INFO     | __main__:post_handle:209 - ep:1790. lc:1790. lr:0.013000. Test reward>=200:( 0/10). Avg steps(maxcnt):275( 3/10). Avg reward: -61.16
2024-04-23 22:15:19.980 | INFO     | __main__:post_handle:209 - ep:1800. lc:1800. lr:0.013000. Test reward>=200:( 0/10). Avg steps(maxcnt):192( 1/10). Avg reward:-111.55
2024-04-23 22:15:20.348 | INFO     | __main__:post_handle:209 - ep:1810. lc:1810. lr:0.013000. Test reward>=200:( 0/10). Avg steps(maxcnt):130( 0/10). Avg reward:-136.04
2024-04-23 22:15:20.919 | INFO     | __main__:post_handle:209 - ep:1820. lc:1820. lr:0.013000. Test reward>=200:( 0/10). Avg steps(maxcnt):201( 2/10). Avg reward:-148.80
2024-04-23 22:15:21.276 | INFO     | __main__:post_handle:209 - ep:1830. lc:1830. lr:0.013000. Test reward>=200:( 0/10). Avg steps(maxcnt):125( 0/10). Avg reward: -37.06
2024-04-23 22:15:21.763 | INFO     | __main__:post_handle:209 - ep:1840. lc:1840. lr:0.013000. Test reward>=200:( 0/10). Avg steps(maxcnt):174( 1/10). Avg reward: -44.37
2024-04-23 22:15:22.508 | INFO     | __main__:post_handle:209 - ep:1850. lc:1850. lr:0.013000. Test reward>=200:( 0/10). Avg steps(maxcnt):274( 2/10). Avg reward: -78.95
2024-04-23 22:15:23.322 | INFO     | __main__:post_handle:209 - ep:1860. lc:1860. lr:0.013000. Test reward>=200:( 0/10). Avg steps(maxcnt):301( 5/10). Avg reward: -54.90
2024-04-23 22:15:24.253 | INFO     | __main__:post_handle:209 - ep:1870. lc:1870. lr:0.013000. Test reward>=200:( 1/10). Avg steps(maxcnt):325( 6/10). Avg reward: -17.54
2024-04-23 22:15:25.176 | INFO     | __main__:post_handle:209 - ep:1880. lc:1880. lr:0.013000. Test reward>=200:( 0/10). Avg steps(maxcnt):344( 8/10). Avg reward: -17.44
2024-04-23 22:15:26.136 | INFO     | __main__:post_handle:209 - ep:1890. lc:1890. lr:0.013000. Test reward>=200:( 0/10). Avg steps(maxcnt):332( 7/10). Avg reward: -35.64
2024-04-23 22:15:26.990 | INFO     | __main__:post_handle:209 - ep:1900. lc:1900. lr:0.013000. Test reward>=200:( 0/10). Avg steps(maxcnt):310( 7/10). Avg reward:  -4.70
2024-04-23 22:15:27.870 | INFO     | __main__:post_handle:209 - ep:1910. lc:1910. lr:0.013000. Test reward>=200:( 0/10). Avg steps(maxcnt):299( 5/10). Avg reward:  20.54
2024-04-23 22:15:28.904 | INFO     | __main__:post_handle:209 - ep:1920. lc:1920. lr:0.013000. Test reward>=200:( 1/10). Avg steps(maxcnt):374( 9/10). Avg reward: 108.38
2024-04-23 22:15:29.627 | INFO     | __main__:post_handle:209 - ep:1930. lc:1930. lr:0.013000. Test reward>=200:( 0/10). Avg steps(maxcnt):256( 5/10). Avg reward:  29.19
2024-04-23 22:15:30.166 | INFO     | __main__:post_handle:209 - ep:1940. lc:1940. lr:0.013000. Test reward>=200:( 0/10). Avg steps(maxcnt):187( 2/10). Avg reward:   3.72
2024-04-23 22:15:30.637 | INFO     | __main__:post_handle:209 - ep:1950. lc:1950. lr:0.013000. Test reward>=200:( 2/10). Avg steps(maxcnt):162( 1/10). Avg reward:  48.96
2024-04-23 22:15:31.064 | INFO     | __main__:post_handle:209 - ep:1960. lc:1960. lr:0.013000. Test reward>=200:( 1/10). Avg steps(maxcnt):147( 1/10). Avg reward:  19.75
2024-04-23 22:15:31.507 | INFO     | __main__:post_handle:209 - ep:1970. lc:1970. lr:0.013000. Test reward>=200:( 2/10). Avg steps(maxcnt):153( 0/10). Avg reward:  31.98
2024-04-23 22:15:31.851 | INFO     | __main__:post_handle:209 - ep:1980. lc:1980. lr:0.013000. Test reward>=200:( 1/10). Avg steps(maxcnt):117( 0/10). Avg reward:  47.90
2024-04-23 22:15:32.637 | INFO     | __main__:post_handle:209 - ep:1990. lc:1990. lr:0.013000. Test reward>=200:( 1/10). Avg steps(maxcnt):283( 6/10). Avg reward:  79.01
2024-04-23 22:15:33.593 | INFO     | __main__:post_handle:209 - ep:2000. lc:2000. lr:0.013000. Test reward>=200:( 0/10). Avg steps(maxcnt):347( 8/10). Avg reward:  57.54
2024-04-23 22:15:34.437 | INFO     | __main__:post_handle:209 - ep:2010. lc:2010. lr:0.013000. Test reward>=200:( 0/10). Avg steps(maxcnt):307( 7/10). Avg reward:  28.23
2024-04-23 22:15:35.138 | INFO     | __main__:post_handle:209 - ep:2020. lc:2020. lr:0.013000. Test reward>=200:( 0/10). Avg steps(maxcnt):251( 5/10). Avg reward:  33.74
2024-04-23 22:15:35.919 | INFO     | __main__:post_handle:209 - ep:2030. lc:2030. lr:0.013000. Test reward>=200:( 3/10). Avg steps(maxcnt):276( 4/10). Avg reward: 139.77
2024-04-23 22:15:36.597 | INFO     | __main__:post_handle:209 - ep:2040. lc:2040. lr:0.013000. Test reward>=200:( 2/10). Avg steps(maxcnt):239( 4/10). Avg reward:  83.27
2024-04-23 22:15:37.245 | INFO     | __main__:post_handle:209 - ep:2050. lc:2050. lr:0.013000. Test reward>=200:( 1/10). Avg steps(maxcnt):230( 4/10). Avg reward:  67.48
2024-04-23 22:15:37.811 | INFO     | __main__:post_handle:209 - ep:2060. lc:2060. lr:0.013000. Test reward>=200:( 2/10). Avg steps(maxcnt):200( 3/10). Avg reward:  48.98
2024-04-23 22:15:38.356 | INFO     | __main__:post_handle:209 - ep:2070. lc:2070. lr:0.013000. Test reward>=200:( 3/10). Avg steps(maxcnt):190( 2/10). Avg reward:  99.24
2024-04-23 22:15:38.895 | INFO     | __main__:post_handle:209 - ep:2080. lc:2080. lr:0.013000. Test reward>=200:( 1/10). Avg steps(maxcnt):187( 3/10). Avg reward:  31.98
2024-04-23 22:15:39.359 | INFO     | __main__:post_handle:209 - ep:2090. lc:2090. lr:0.013000. Test reward>=200:( 3/10). Avg steps(maxcnt):148( 0/10). Avg reward:  88.15
2024-04-23 22:15:39.617 | INFO     | __main__:post_handle:209 - ep:2100. lc:2100. lr:0.013000. Test reward>=200:( 0/10). Avg steps(maxcnt): 84( 0/10). Avg reward: -17.02
2024-04-23 22:15:39.865 | INFO     | __main__:post_handle:209 - ep:2110. lc:2110. lr:0.013000. Test reward>=200:( 0/10). Avg steps(maxcnt): 81( 0/10). Avg reward:  -9.74
2024-04-23 22:15:40.120 | INFO     | __main__:post_handle:209 - ep:2120. lc:2120. lr:0.013000. Test reward>=200:( 0/10). Avg steps(maxcnt): 83( 0/10). Avg reward:  -5.75
2024-04-23 22:15:40.366 | INFO     | __main__:post_handle:209 - ep:2130. lc:2130. lr:0.013000. Test reward>=200:( 0/10). Avg steps(maxcnt): 80( 0/10). Avg reward: -30.95
2024-04-23 22:15:40.599 | INFO     | __main__:post_handle:209 - ep:2140. lc:2140. lr:0.013000. Test reward>=200:( 0/10). Avg steps(maxcnt): 74( 0/10). Avg reward: -31.42
2024-04-23 22:15:40.815 | INFO     | __main__:post_handle:209 - ep:2150. lc:2150. lr:0.013000. Test reward>=200:( 0/10). Avg steps(maxcnt): 69( 0/10). Avg reward: -64.02
2024-04-23 22:15:41.043 | INFO     | __main__:post_handle:209 - ep:2160. lc:2160. lr:0.013000. Test reward>=200:( 0/10). Avg steps(maxcnt): 72( 0/10). Avg reward: -63.51
2024-04-23 22:15:41.259 | INFO     | __main__:post_handle:209 - ep:2170. lc:2170. lr:0.013000. Test reward>=200:( 0/10). Avg steps(maxcnt): 69( 0/10). Avg reward: -57.33
2024-04-23 22:15:41.509 | INFO     | __main__:post_handle:209 - ep:2180. lc:2180. lr:0.013000. Test reward>=200:( 0/10). Avg steps(maxcnt): 81( 0/10). Avg reward: -34.87
2024-04-23 22:15:41.831 | INFO     | __main__:post_handle:209 - ep:2190. lc:2190. lr:0.013000. Test reward>=200:( 0/10). Avg steps(maxcnt): 87( 0/10). Avg reward: -19.60
2024-04-23 22:15:42.228 | INFO     | __main__:post_handle:209 - ep:2200. lc:2200. lr:0.013000. Test reward>=200:( 4/10). Avg steps(maxcnt):139( 0/10). Avg reward:  84.73
2024-04-23 22:15:42.767 | INFO     | __main__:post_handle:209 - ep:2210. lc:2210. lr:0.013000. Test reward>=200:( 3/10). Avg steps(maxcnt):191( 1/10). Avg reward:  78.27
2024-04-23 22:15:43.300 | INFO     | __main__:post_handle:209 - ep:2220. lc:2220. lr:0.013000. Test reward>=200:( 6/10). Avg steps(maxcnt):190( 1/10). Avg reward: 185.17
2024-04-23 22:15:43.712 | INFO     | __main__:post_handle:209 - ep:2230. lc:2230. lr:0.013000. Test reward>=200:( 4/10). Avg steps(maxcnt):142( 0/10). Avg reward:  73.33
2024-04-23 22:15:44.187 | INFO     | __main__:post_handle:209 - ep:2240. lc:2240. lr:0.013000. Test reward>=200:( 5/10). Avg steps(maxcnt):168( 0/10). Avg reward: 134.83
2024-04-23 22:15:44.583 | INFO     | __main__:post_handle:209 - ep:2250. lc:2250. lr:0.013000. Test reward>=200:( 4/10). Avg steps(maxcnt):137( 0/10). Avg reward: 100.34
2024-04-23 22:15:45.000 | INFO     | __main__:post_handle:209 - ep:2260. lc:2260. lr:0.013000. Test reward>=200:( 4/10). Avg steps(maxcnt):146( 0/10). Avg reward: 132.66
2024-04-23 22:15:45.349 | INFO     | __main__:post_handle:209 - ep:2270. lc:2270. lr:0.013000. Test reward>=200:( 4/10). Avg steps(maxcnt):120( 0/10). Avg reward: 105.96
2024-04-23 22:15:45.716 | INFO     | __main__:post_handle:209 - ep:2280. lc:2280. lr:0.013000. Test reward>=200:( 4/10). Avg steps(maxcnt):126( 0/10). Avg reward: 105.56
2024-04-23 22:15:46.282 | INFO     | __main__:post_handle:209 - ep:2290. lc:2290. lr:0.013000. Test reward>=200:( 5/10). Avg steps(maxcnt):195( 1/10). Avg reward: 137.25
2024-04-23 22:15:46.858 | INFO     | __main__:post_handle:209 - ep:2300. lc:2300. lr:0.013000. Test reward>=200:( 1/10). Avg steps(maxcnt):204( 3/10). Avg reward:  74.46
2024-04-23 22:15:47.610 | INFO     | __main__:post_handle:209 - ep:2310. lc:2310. lr:0.013000. Test reward>=200:( 3/10). Avg steps(maxcnt):269( 5/10). Avg reward: 122.66
2024-04-23 22:15:48.444 | INFO     | __main__:post_handle:209 - ep:2320. lc:2320. lr:0.013000. Test reward>=200:( 0/10). Avg steps(maxcnt):303( 7/10). Avg reward:  63.21
2024-04-23 22:15:49.367 | INFO     | __main__:post_handle:209 - ep:2330. lc:2330. lr:0.013000. Test reward>=200:( 0/10). Avg steps(maxcnt):327( 8/10). Avg reward:  79.31
2024-04-23 22:15:50.273 | INFO     | __main__:post_handle:209 - ep:2340. lc:2340. lr:0.013000. Test reward>=200:( 0/10). Avg steps(maxcnt):331( 8/10). Avg reward:  67.37
2024-04-23 22:15:51.261 | INFO     | __main__:post_handle:209 - ep:2350. lc:2350. lr:0.013000. Test reward>=200:( 0/10). Avg steps(maxcnt):362( 9/10). Avg reward:  87.31
2024-04-23 22:15:52.171 | INFO     | __main__:post_handle:209 - ep:2360. lc:2360. lr:0.013000. Test reward>=200:( 0/10). Avg steps(maxcnt):332( 8/10). Avg reward:  54.47
2024-04-23 22:15:52.997 | INFO     | __main__:post_handle:209 - ep:2370. lc:2370. lr:0.013000. Test reward>=200:( 0/10). Avg steps(maxcnt):302( 7/10). Avg reward:  57.47
2024-04-23 22:15:53.949 | INFO     | __main__:post_handle:209 - ep:2380. lc:2380. lr:0.013000. Test reward>=200:( 0/10). Avg steps(maxcnt):349( 8/10). Avg reward:  44.38
2024-04-23 22:15:54.857 | INFO     | __main__:post_handle:209 - ep:2390. lc:2390. lr:0.013000. Test reward>=200:( 0/10). Avg steps(maxcnt):331( 8/10). Avg reward:  62.10
2024-04-23 22:15:55.920 | INFO     | __main__:post_handle:209 - ep:2400. lc:2400. lr:0.013000. Test reward>=200:( 0/10). Avg steps(maxcnt):390(10/10). Avg reward:  70.78
2024-04-23 22:15:56.939 | INFO     | __main__:post_handle:209 - ep:2410. lc:2410. lr:0.013000. Test reward>=200:( 0/10). Avg steps(maxcnt):365( 9/10). Avg reward:  44.17
2024-04-23 22:15:57.863 | INFO     | __main__:post_handle:209 - ep:2420. lc:2420. lr:0.013000. Test reward>=200:( 0/10). Avg steps(maxcnt):338( 8/10). Avg reward:  47.33
2024-04-23 22:15:58.958 | INFO     | __main__:post_handle:209 - ep:2430. lc:2430. lr:0.013000. Test reward>=200:( 0/10). Avg steps(maxcnt):390(10/10). Avg reward:  78.84
2024-04-23 22:16:00.045 | INFO     | __main__:post_handle:209 - ep:2440. lc:2440. lr:0.013000. Test reward>=200:( 0/10). Avg steps(maxcnt):390(10/10). Avg reward:  66.16
2024-04-23 22:16:01.138 | INFO     | __main__:post_handle:209 - ep:2450. lc:2450. lr:0.013000. Test reward>=200:( 0/10). Avg steps(maxcnt):390(10/10). Avg reward:  53.89
2024-04-23 22:16:02.224 | INFO     | __main__:post_handle:209 - ep:2460. lc:2460. lr:0.013000. Test reward>=200:( 0/10). Avg steps(maxcnt):390(10/10). Avg reward:  79.11
2024-04-23 22:16:03.312 | INFO     | __main__:post_handle:209 - ep:2470. lc:2470. lr:0.013000. Test reward>=200:( 0/10). Avg steps(maxcnt):390(10/10). Avg reward:  92.55
2024-04-23 22:16:04.262 | INFO     | __main__:post_handle:209 - ep:2480. lc:2480. lr:0.013000. Test reward>=200:( 0/10). Avg steps(maxcnt):338( 8/10). Avg reward:  53.17
2024-04-23 22:16:05.290 | INFO     | __main__:post_handle:209 - ep:2490. lc:2490. lr:0.013000. Test reward>=200:( 0/10). Avg steps(maxcnt):366( 9/10). Avg reward:  61.43
2024-04-23 22:16:06.359 | INFO     | __main__:post_handle:209 - ep:2500. lc:2500. lr:0.013000. Test reward>=200:( 0/10). Avg steps(maxcnt):390(10/10). Avg reward:  82.91
2024-04-23 22:16:07.455 | INFO     | __main__:post_handle:209 - ep:2510. lc:2510. lr:0.013000. Test reward>=200:( 0/10). Avg steps(maxcnt):390(10/10). Avg reward:  88.31
2024-04-23 22:16:08.517 | INFO     | __main__:post_handle:209 - ep:2520. lc:2520. lr:0.013000. Test reward>=200:( 0/10). Avg steps(maxcnt):390(10/10). Avg reward:  92.68
2024-04-23 22:16:09.471 | INFO     | __main__:post_handle:209 - ep:2530. lc:2530. lr:0.013000. Test reward>=200:( 0/10). Avg steps(maxcnt):333( 8/10). Avg reward:  81.94
2024-04-23 22:16:10.613 | INFO     | __main__:post_handle:209 - ep:2540. lc:2540. lr:0.013000. Test reward>=200:( 0/10). Avg steps(maxcnt):390(10/10). Avg reward:  78.63
2024-04-23 22:16:11.610 | INFO     | __main__:post_handle:209 - ep:2550. lc:2550. lr:0.013000. Test reward>=200:( 0/10). Avg steps(maxcnt):360( 9/10). Avg reward:  73.67
2024-04-23 22:16:12.763 | INFO     | __main__:post_handle:209 - ep:2560. lc:2560. lr:0.013000. Test reward>=200:( 0/10). Avg steps(maxcnt):390(10/10). Avg reward: 101.77
2024-04-23 22:16:13.613 | INFO     | __main__:post_handle:209 - ep:2570. lc:2570. lr:0.013000. Test reward>=200:( 0/10). Avg steps(maxcnt):308( 7/10). Avg reward:  73.64
2024-04-23 22:16:14.516 | INFO     | __main__:post_handle:209 - ep:2580. lc:2580. lr:0.013000. Test reward>=200:( 0/10). Avg steps(maxcnt):328( 7/10). Avg reward:  91.13
2024-04-23 22:16:15.508 | INFO     | __main__:post_handle:209 - ep:2590. lc:2590. lr:0.013000. Test reward>=200:( 0/10). Avg steps(maxcnt):360( 9/10). Avg reward: 106.36
2024-04-23 22:16:16.565 | INFO     | __main__:post_handle:209 - ep:2600. lc:2600. lr:0.013000. Test reward>=200:( 1/10). Avg steps(maxcnt):382( 9/10). Avg reward: 126.60
2024-04-23 22:16:17.504 | INFO     | __main__:post_handle:209 - ep:2610. lc:2610. lr:0.013000. Test reward>=200:( 1/10). Avg steps(maxcnt):334( 7/10). Avg reward: 115.44
2024-04-23 22:16:18.170 | INFO     | __main__:post_handle:209 - ep:2620. lc:2620. lr:0.013000. Test reward>=200:( 5/10). Avg steps(maxcnt):232( 2/10). Avg reward: 149.61
2024-04-23 22:16:18.497 | INFO     | __main__:post_handle:209 - ep:2630. lc:2630. lr:0.013000. Test reward>=200:( 1/10). Avg steps(maxcnt):112( 0/10). Avg reward:  14.75
2024-04-23 22:16:18.788 | INFO     | __main__:post_handle:209 - ep:2640. lc:2640. lr:0.013000. Test reward>=200:( 0/10). Avg steps(maxcnt): 97( 0/10). Avg reward:  12.92
2024-04-23 22:16:19.152 | INFO     | __main__:post_handle:209 - ep:2650. lc:2650. lr:0.013000. Test reward>=200:( 0/10). Avg steps(maxcnt): 90( 0/10). Avg reward:  -5.24
2024-04-23 22:16:19.574 | INFO     | __main__:post_handle:209 - ep:2660. lc:2660. lr:0.013000. Test reward>=200:( 4/10). Avg steps(maxcnt):147( 0/10). Avg reward: 114.10
2024-04-23 22:16:20.263 | INFO     | __main__:post_handle:209 - ep:2670. lc:2670. lr:0.013000. Test reward>=200:( 8/10). Avg steps(maxcnt):225( 0/10). Avg reward: 212.91
2024-04-23 22:16:20.976 | INFO     | __main__:post_handle:209 - ep:2680. lc:2680. lr:0.013000. Test reward>=200:( 5/10). Avg steps(maxcnt):220( 0/10). Avg reward: 149.87
2024-04-23 22:16:21.469 | INFO     | __main__:post_handle:209 - ep:2690. lc:2690. lr:0.013000. Test reward>=200:( 4/10). Avg steps(maxcnt):177( 0/10). Avg reward:  95.92
2024-04-23 22:16:21.931 | INFO     | __main__:post_handle:209 - ep:2700. lc:2700. lr:0.013000. Test reward>=200:( 6/10). Avg steps(maxcnt):160( 0/10). Avg reward: 147.92
2024-04-23 22:16:22.553 | INFO     | __main__:post_handle:209 - ep:2710. lc:2710. lr:0.013000. Test reward>=200:( 7/10). Avg steps(maxcnt):218( 0/10). Avg reward: 190.06
2024-04-23 22:16:23.068 | INFO     | __main__:post_handle:209 - ep:2720. lc:2720. lr:0.013000. Test reward>=200:( 4/10). Avg steps(maxcnt):181( 0/10). Avg reward:  97.58
2024-04-23 22:16:24.001 | INFO     | __main__:post_handle:209 - ep:2730. lc:2730. lr:0.013000. Test reward>=200:( 4/10). Avg steps(maxcnt):335( 5/10). Avg reward: 143.75
2024-04-23 22:16:25.061 | INFO     | __main__:post_handle:209 - ep:2740. lc:2740. lr:0.013000. Test reward>=200:( 1/10). Avg steps(maxcnt):385( 9/10). Avg reward: 111.02
2024-04-23 22:16:25.875 | INFO     | __main__:post_handle:209 - ep:2750. lc:2750. lr:0.013000. Test reward>=200:( 3/10). Avg steps(maxcnt):291( 3/10). Avg reward: 107.63
2024-04-23 22:16:26.723 | INFO     | __main__:post_handle:209 - ep:2760. lc:2760. lr:0.013000. Test reward>=200:( 5/10). Avg steps(maxcnt):303( 3/10). Avg reward: 168.99
2024-04-23 22:16:27.490 | SUCCESS  | __main__:save_best_w:99 - save best file: w/w_best.pt_rw248_lr0.013000_gm0.9880_ep2770
2024-04-23 22:16:27.490 | INFO     | __main__:post_handle:209 - ep:2770. lc:2770. lr:0.013000. Test reward>=200:( 9/10). Avg steps(maxcnt):257( 0/10). Avg reward: 247.90
2024-04-23 22:16:28.169 | INFO     | __main__:post_handle:209 - ep:2780. lc:2780. lr:0.013000. Test reward>=200:( 8/10). Avg steps(maxcnt):244( 0/10). Avg reward: 222.27
2024-04-23 22:16:28.942 | INFO     | __main__:post_handle:209 - ep:2790. lc:2790. lr:0.013000. Test reward>=200:( 6/10). Avg steps(maxcnt):279( 2/10). Avg reward: 158.14
2024-04-23 22:16:29.574 | INFO     | __main__:post_handle:209 - ep:2800. lc:2800. lr:0.013000. Test reward>=200:( 6/10). Avg steps(maxcnt):224( 0/10). Avg reward: 126.28
2024-04-23 22:16:30.201 | INFO     | __main__:post_handle:209 - ep:2810. lc:2810. lr:0.013000. Test reward>=200:( 6/10). Avg steps(maxcnt):223( 0/10). Avg reward: 151.16
2024-04-23 22:16:30.872 | INFO     | __main__:post_handle:209 - ep:2820. lc:2820. lr:0.013000. Test reward>=200:( 4/10). Avg steps(maxcnt):214( 1/10). Avg reward:  70.42
2024-04-23 22:16:31.369 | INFO     | __main__:post_handle:209 - ep:2830. lc:2830. lr:0.013000. Test reward>=200:( 1/10). Avg steps(maxcnt):174( 0/10). Avg reward: -97.52
2024-04-23 22:16:31.971 | INFO     | __main__:post_handle:209 - ep:2840. lc:2840. lr:0.013000. Test reward>=200:( 7/10). Avg steps(maxcnt):211( 0/10). Avg reward: 179.77
2024-04-23 22:16:32.416 | INFO     | __main__:post_handle:209 - ep:2850. lc:2850. lr:0.013000. Test reward>=200:( 3/10). Avg steps(maxcnt):154( 0/10). Avg reward:  66.43
2024-04-23 22:16:32.853 | INFO     | __main__:post_handle:209 - ep:2860. lc:2860. lr:0.013000. Test reward>=200:( 3/10). Avg steps(maxcnt):153( 0/10). Avg reward:  75.75
2024-04-23 22:16:33.533 | INFO     | __main__:post_handle:209 - ep:2870. lc:2870. lr:0.013000. Test reward>=200:( 7/10). Avg steps(maxcnt):240( 1/10). Avg reward: 188.91
2024-04-23 22:16:34.099 | INFO     | __main__:post_handle:209 - ep:2880. lc:2880. lr:0.013000. Test reward>=200:( 4/10). Avg steps(maxcnt):199( 1/10). Avg reward:  90.30
2024-04-23 22:16:34.465 | INFO     | __main__:post_handle:209 - ep:2890. lc:2890. lr:0.013000. Test reward>=200:( 2/10). Avg steps(maxcnt):126( 0/10). Avg reward:  28.84
2024-04-23 22:16:35.178 | INFO     | __main__:post_handle:209 - ep:2900. lc:2900. lr:0.013000. Test reward>=200:( 8/10). Avg steps(maxcnt):239( 0/10). Avg reward: 197.03
2024-04-23 22:16:35.758 | INFO     | __main__:post_handle:209 - ep:2910. lc:2910. lr:0.013000. Test reward>=200:( 1/10). Avg steps(maxcnt):208( 1/10). Avg reward:  11.03
2024-04-23 22:16:36.387 | INFO     | __main__:post_handle:209 - ep:2920. lc:2920. lr:0.013000. Test reward>=200:( 2/10). Avg steps(maxcnt):227( 1/10). Avg reward: -21.10
2024-04-23 22:16:37.055 | INFO     | __main__:post_handle:209 - ep:2930. lc:2930. lr:0.013000. Test reward>=200:( 4/10). Avg steps(maxcnt):240( 1/10). Avg reward:  49.01
2024-04-23 22:16:37.559 | INFO     | __main__:post_handle:209 - ep:2940. lc:2940. lr:0.013000. Test reward>=200:( 2/10). Avg steps(maxcnt):182( 0/10). Avg reward:  11.10
2024-04-23 22:16:38.152 | INFO     | __main__:post_handle:209 - ep:2950. lc:2950. lr:0.013000. Test reward>=200:( 4/10). Avg steps(maxcnt):212( 1/10). Avg reward:  87.32
2024-04-23 22:16:38.690 | INFO     | __main__:post_handle:209 - ep:2960. lc:2960. lr:0.013000. Test reward>=200:( 4/10). Avg steps(maxcnt):191( 0/10). Avg reward:  73.35
2024-04-23 22:16:39.279 | INFO     | __main__:post_handle:209 - ep:2970. lc:2970. lr:0.013000. Test reward>=200:( 1/10). Avg steps(maxcnt):211( 1/10). Avg reward:  45.54
2024-04-23 22:16:40.045 | INFO     | __main__:post_handle:209 - ep:2980. lc:2980. lr:0.013000. Test reward>=200:( 8/10). Avg steps(maxcnt):276( 0/10). Avg reward: 201.61
2024-04-23 22:16:40.634 | INFO     | __main__:post_handle:209 - ep:2990. lc:2990. lr:0.013000. Test reward>=200:( 6/10). Avg steps(maxcnt):209( 1/10). Avg reward: 159.40
2024-04-23 22:16:41.356 | SUCCESS  | __main__:save_best_w:99 - save best file: w/w_best.pt_rw270_lr0.013000_gm0.9880_ep3000
2024-04-23 22:16:41.356 | INFO     | __main__:post_handle:209 - ep:3000. lc:3000. lr:0.013000. Test reward>=200:(10/10). Avg steps(maxcnt):262( 0/10). Avg reward: 269.69
2024-04-23 22:16:42.167 | INFO     | __main__:post_handle:209 - ep:3010. lc:3010. lr:0.013000. Test reward>=200:(10/10). Avg steps(maxcnt):295( 0/10). Avg reward: 263.53
2024-04-23 22:16:43.009 | INFO     | __main__:post_handle:209 - ep:3020. lc:3020. lr:0.013000. Test reward>=200:(10/10). Avg steps(maxcnt):307( 0/10). Avg reward: 262.10
2024-04-23 22:16:43.902 | INFO     | __main__:post_handle:209 - ep:3030. lc:3030. lr:0.013000. Test reward>=200:( 8/10). Avg steps(maxcnt):327( 3/10). Avg reward: 204.61
2024-04-23 22:16:44.719 | INFO     | __main__:post_handle:209 - ep:3040. lc:3040. lr:0.013000. Test reward>=200:( 4/10). Avg steps(maxcnt):296( 3/10). Avg reward: 134.01
2024-04-23 22:16:45.351 | INFO     | __main__:post_handle:209 - ep:3050. lc:3050. lr:0.013000. Test reward>=200:( 3/10). Avg steps(maxcnt):229( 1/10). Avg reward:  67.25
2024-04-23 22:16:45.938 | INFO     | __main__:post_handle:209 - ep:3060. lc:3060. lr:0.013000. Test reward>=200:( 3/10). Avg steps(maxcnt):210( 0/10). Avg reward:  51.87
2024-04-23 22:16:46.602 | INFO     | __main__:post_handle:209 - ep:3070. lc:3070. lr:0.013000. Test reward>=200:( 3/10). Avg steps(maxcnt):239( 1/10). Avg reward:  62.15
2024-04-23 22:16:47.323 | INFO     | __main__:post_handle:209 - ep:3080. lc:3080. lr:0.013000. Test reward>=200:( 5/10). Avg steps(maxcnt):258( 0/10). Avg reward:  96.34
2024-04-23 22:16:47.993 | INFO     | __main__:post_handle:209 - ep:3090. lc:3090. lr:0.013000. Test reward>=200:( 0/10). Avg steps(maxcnt):241( 3/10). Avg reward:  11.21
2024-04-23 22:16:48.873 | INFO     | __main__:post_handle:209 - ep:3100. lc:3100. lr:0.013000. Test reward>=200:( 1/10). Avg steps(maxcnt):318( 5/10). Avg reward:  87.07
2024-04-23 22:16:49.941 | INFO     | __main__:post_handle:209 - ep:3110. lc:3110. lr:0.013000. Test reward>=200:( 0/10). Avg steps(maxcnt):389( 9/10). Avg reward: 103.46
2024-04-23 22:16:50.726 | INFO     | __main__:post_handle:209 - ep:3120. lc:3120. lr:0.013000. Test reward>=200:( 0/10). Avg steps(maxcnt):282( 4/10). Avg reward:  59.58
2024-04-23 22:16:51.749 | INFO     | __main__:post_handle:209 - ep:3130. lc:3130. lr:0.013000. Test reward>=200:( 0/10). Avg steps(maxcnt):363( 7/10). Avg reward:  99.74
2024-04-23 22:16:52.727 | INFO     | __main__:post_handle:209 - ep:3140. lc:3140. lr:0.013000. Test reward>=200:( 0/10). Avg steps(maxcnt):352( 6/10). Avg reward:  73.58
2024-04-23 22:16:53.546 | INFO     | __main__:post_handle:209 - ep:3150. lc:3150. lr:0.013000. Test reward>=200:( 0/10). Avg steps(maxcnt):296( 7/10). Avg reward:  62.83
2024-04-23 22:16:54.579 | INFO     | __main__:post_handle:209 - ep:3160. lc:3160. lr:0.013000. Test reward>=200:( 0/10). Avg steps(maxcnt):380( 6/10). Avg reward:  34.62
2024-04-23 22:16:55.556 | INFO     | __main__:post_handle:209 - ep:3170. lc:3170. lr:0.013000. Test reward>=200:( 0/10). Avg steps(maxcnt):360( 9/10). Avg reward:  73.51
2024-04-23 22:16:56.619 | INFO     | __main__:post_handle:209 - ep:3180. lc:3180. lr:0.013000. Test reward>=200:( 0/10). Avg steps(maxcnt):390(10/10). Avg reward:  81.64
2024-04-23 22:16:57.591 | INFO     | __main__:post_handle:209 - ep:3190. lc:3190. lr:0.013000. Test reward>=200:( 0/10). Avg steps(maxcnt):356( 7/10). Avg reward:  29.28
2024-04-23 22:16:58.494 | INFO     | __main__:post_handle:209 - ep:3200. lc:3200. lr:0.013000. Test reward>=200:( 0/10). Avg steps(maxcnt):330( 7/10). Avg reward:   4.78
2024-04-23 22:16:59.468 | INFO     | __main__:post_handle:209 - ep:3210. lc:3210. lr:0.013000. Test reward>=200:( 0/10). Avg steps(maxcnt):360( 9/10). Avg reward:  12.23
2024-04-23 22:17:00.359 | INFO     | __main__:post_handle:209 - ep:3220. lc:3220. lr:0.013000. Test reward>=200:( 0/10). Avg steps(maxcnt):329( 7/10). Avg reward: -60.91
2024-04-23 22:17:01.238 | INFO     | __main__:post_handle:209 - ep:3230. lc:3230. lr:0.013000. Test reward>=200:( 0/10). Avg steps(maxcnt):325( 6/10). Avg reward: -80.42
2024-04-23 22:17:02.111 | INFO     | __main__:post_handle:209 - ep:3240. lc:3240. lr:0.013000. Test reward>=200:( 0/10). Avg steps(maxcnt):319( 5/10). Avg reward: -96.23
2024-04-23 22:17:02.739 | INFO     | __main__:post_handle:209 - ep:3250. lc:3250. lr:0.013000. Test reward>=200:( 0/10). Avg steps(maxcnt):229( 0/10). Avg reward:-150.34
2024-04-23 22:17:03.465 | INFO     | __main__:post_handle:209 - ep:3260. lc:3260. lr:0.013000. Test reward>=200:( 0/10). Avg steps(maxcnt):266( 5/10). Avg reward:-123.39
2024-04-23 22:17:04.426 | INFO     | __main__:post_handle:209 - ep:3270. lc:3270. lr:0.013000. Test reward>=200:( 0/10). Avg steps(maxcnt):342( 8/10). Avg reward:  -4.06
2024-04-23 22:17:05.424 | INFO     | __main__:post_handle:209 - ep:3280. lc:3280. lr:0.013000. Test reward>=200:( 0/10). Avg steps(maxcnt):368( 9/10). Avg reward:  37.31
2024-04-23 22:17:06.416 | INFO     | __main__:post_handle:209 - ep:3290. lc:3290. lr:0.013000. Test reward>=200:( 0/10). Avg steps(maxcnt):367( 9/10). Avg reward:  18.03
2024-04-23 22:17:07.219 | INFO     | __main__:post_handle:209 - ep:3300. lc:3300. lr:0.013000. Test reward>=200:( 1/10). Avg steps(maxcnt):291( 5/10). Avg reward:  26.95
2024-04-23 22:17:08.175 | INFO     | __main__:post_handle:209 - ep:3310. lc:3310. lr:0.013000. Test reward>=200:( 0/10). Avg steps(maxcnt):348( 8/10). Avg reward:  49.42
2024-04-23 22:17:09.275 | INFO     | __main__:post_handle:209 - ep:3320. lc:3320. lr:0.013000. Test reward>=200:( 0/10). Avg steps(maxcnt):375( 8/10). Avg reward:  79.49
2024-04-23 22:17:10.098 | INFO     | __main__:post_handle:209 - ep:3330. lc:3330. lr:0.013000. Test reward>=200:( 0/10). Avg steps(maxcnt):291( 5/10). Avg reward:  42.14
2024-04-23 22:17:11.001 | INFO     | __main__:post_handle:209 - ep:3340. lc:3340. lr:0.013000. Test reward>=200:( 0/10). Avg steps(maxcnt):321( 7/10). Avg reward:  80.55
2024-04-23 22:17:11.916 | INFO     | __main__:post_handle:209 - ep:3350. lc:3350. lr:0.013000. Test reward>=200:( 0/10). Avg steps(maxcnt):326( 5/10). Avg reward:  47.33
2024-04-23 22:17:12.836 | INFO     | __main__:post_handle:209 - ep:3360. lc:3360. lr:0.013000. Test reward>=200:( 0/10). Avg steps(maxcnt):325( 7/10). Avg reward:  46.17
2024-04-23 22:17:13.912 | INFO     | __main__:post_handle:209 - ep:3370. lc:3370. lr:0.013000. Test reward>=200:( 0/10). Avg steps(maxcnt):382( 8/10). Avg reward:  75.70
2024-04-23 22:17:14.752 | INFO     | __main__:post_handle:209 - ep:3380. lc:3380. lr:0.013000. Test reward>=200:( 0/10). Avg steps(maxcnt):300( 6/10). Avg reward:  49.22
2024-04-23 22:17:15.748 | INFO     | __main__:post_handle:209 - ep:3390. lc:3390. lr:0.013000. Test reward>=200:( 0/10). Avg steps(maxcnt):360( 9/10). Avg reward:  84.35
2024-04-23 22:17:16.742 | INFO     | __main__:post_handle:209 - ep:3400. lc:3400. lr:0.013000. Test reward>=200:( 0/10). Avg steps(maxcnt):358( 9/10). Avg reward:  79.35
2024-04-23 22:17:17.889 | INFO     | __main__:post_handle:209 - ep:3410. lc:3410. lr:0.013000. Test reward>=200:( 0/10). Avg steps(maxcnt):390(10/10). Avg reward:  78.51
2024-04-23 22:17:18.909 | INFO     | __main__:post_handle:209 - ep:3420. lc:3420. lr:0.013000. Test reward>=200:( 0/10). Avg steps(maxcnt):365( 9/10). Avg reward:  92.59
2024-04-23 22:17:19.993 | INFO     | __main__:post_handle:209 - ep:3430. lc:3430. lr:0.013000. Test reward>=200:( 0/10). Avg steps(maxcnt):390(10/10). Avg reward: 102.57
2024-04-23 22:17:21.084 | INFO     | __main__:post_handle:209 - ep:3440. lc:3440. lr:0.013000. Test reward>=200:( 0/10). Avg steps(maxcnt):390(10/10). Avg reward: 106.67
2024-04-23 22:17:22.170 | INFO     | __main__:post_handle:209 - ep:3450. lc:3450. lr:0.013000. Test reward>=200:( 0/10). Avg steps(maxcnt):390(10/10). Avg reward: 119.80
2024-04-23 22:17:23.184 | INFO     | __main__:post_handle:209 - ep:3460. lc:3460. lr:0.013000. Test reward>=200:( 0/10). Avg steps(maxcnt):361( 9/10). Avg reward:  88.47
2024-04-23 22:17:24.234 | INFO     | __main__:post_handle:209 - ep:3470. lc:3470. lr:0.013000. Test reward>=200:( 1/10). Avg steps(maxcnt):372( 9/10). Avg reward: 129.65
2024-04-23 22:17:25.166 | INFO     | __main__:post_handle:209 - ep:3480. lc:3480. lr:0.013000. Test reward>=200:( 0/10). Avg steps(maxcnt):330( 8/10). Avg reward:  87.65
2024-04-23 22:17:26.253 | INFO     | __main__:post_handle:209 - ep:3490. lc:3490. lr:0.013000. Test reward>=200:( 1/10). Avg steps(maxcnt):389( 9/10). Avg reward: 107.76
2024-04-23 22:17:27.337 | INFO     | __main__:post_handle:209 - ep:3500. lc:3500. lr:0.013000. Test reward>=200:( 0/10). Avg steps(maxcnt):390(10/10). Avg reward:  97.38
2024-04-23 22:17:28.335 | INFO     | __main__:post_handle:209 - ep:3510. lc:3510. lr:0.013000. Test reward>=200:( 0/10). Avg steps(maxcnt):359( 9/10). Avg reward:  85.14
2024-04-23 22:17:29.410 | INFO     | __main__:post_handle:209 - ep:3520. lc:3520. lr:0.013000. Test reward>=200:( 0/10). Avg steps(maxcnt):390(10/10). Avg reward:  95.16
2024-04-23 22:17:30.493 | INFO     | __main__:post_handle:209 - ep:3530. lc:3530. lr:0.013000. Test reward>=200:( 0/10). Avg steps(maxcnt):390(10/10). Avg reward: 106.63
2024-04-23 22:17:31.497 | INFO     | __main__:post_handle:209 - ep:3540. lc:3540. lr:0.013000. Test reward>=200:( 0/10). Avg steps(maxcnt):363( 9/10). Avg reward:  85.32
2024-04-23 22:17:32.584 | INFO     | __main__:post_handle:209 - ep:3550. lc:3550. lr:0.013000. Test reward>=200:( 0/10). Avg steps(maxcnt):390(10/10). Avg reward:  94.29
2024-04-23 22:17:33.667 | INFO     | __main__:post_handle:209 - ep:3560. lc:3560. lr:0.013000. Test reward>=200:( 0/10). Avg steps(maxcnt):390(10/10). Avg reward:  86.17
2024-04-23 22:17:34.710 | INFO     | __main__:post_handle:209 - ep:3570. lc:3570. lr:0.013000. Test reward>=200:( 1/10). Avg steps(maxcnt):373( 9/10). Avg reward: 105.28
2024-04-23 22:17:35.705 | INFO     | __main__:post_handle:209 - ep:3580. lc:3580. lr:0.013000. Test reward>=200:( 1/10). Avg steps(maxcnt):355( 8/10). Avg reward:  92.53
2024-04-23 22:17:36.808 | INFO     | __main__:post_handle:209 - ep:3590. lc:3590. lr:0.013000. Test reward>=200:( 1/10). Avg steps(maxcnt):389( 8/10). Avg reward: 106.85
2024-04-23 22:17:37.707 | INFO     | __main__:post_handle:209 - ep:3600. lc:3600. lr:0.013000. Test reward>=200:( 2/10). Avg steps(maxcnt):312( 6/10). Avg reward:  97.69
2024-04-23 22:17:38.558 | INFO     | __main__:post_handle:209 - ep:3610. lc:3610. lr:0.013000. Test reward>=200:( 2/10). Avg steps(maxcnt):296( 5/10). Avg reward:  83.88
2024-04-23 22:17:39.403 | INFO     | __main__:post_handle:209 - ep:3620. lc:3620. lr:0.013000. Test reward>=200:( 1/10). Avg steps(maxcnt):294( 6/10). Avg reward: 103.31
2024-04-23 22:17:40.283 | INFO     | __main__:post_handle:209 - ep:3630. lc:3630. lr:0.013000. Test reward>=200:( 2/10). Avg steps(maxcnt):304( 5/10). Avg reward: 106.65
2024-04-23 22:17:41.117 | INFO     | __main__:post_handle:209 - ep:3640. lc:3640. lr:0.013000. Test reward>=200:( 1/10). Avg steps(maxcnt):287( 4/10). Avg reward:  81.58
2024-04-23 22:17:41.842 | INFO     | __main__:post_handle:209 - ep:3650. lc:3650. lr:0.013000. Test reward>=200:( 5/10). Avg steps(maxcnt):248( 1/10). Avg reward: 132.13
2024-04-23 22:17:42.242 | INFO     | __main__:post_handle:209 - ep:3660. lc:3660. lr:0.013000. Test reward>=200:( 0/10). Avg steps(maxcnt):133( 1/10). Avg reward: -14.37
2024-04-23 22:17:43.112 | INFO     | __main__:post_handle:209 - ep:3670. lc:3670. lr:0.013000. Test reward>=200:( 3/10). Avg steps(maxcnt):300( 5/10). Avg reward:  95.47
2024-04-23 22:17:43.881 | INFO     | __main__:post_handle:209 - ep:3680. lc:3680. lr:0.013000. Test reward>=200:( 0/10). Avg steps(maxcnt):266( 4/10). Avg reward:  49.16
2024-04-23 22:17:44.861 | INFO     | __main__:post_handle:209 - ep:3690. lc:3690. lr:0.013000. Test reward>=200:( 2/10). Avg steps(maxcnt):347( 6/10). Avg reward: 103.56
2024-04-23 22:17:45.724 | INFO     | __main__:post_handle:209 - ep:3700. lc:3700. lr:0.013000. Test reward>=200:( 1/10). Avg steps(maxcnt):307( 6/10). Avg reward:  45.25
2024-04-23 22:17:46.551 | INFO     | __main__:post_handle:209 - ep:3710. lc:3710. lr:0.013000. Test reward>=200:( 2/10). Avg steps(maxcnt):264( 4/10). Avg reward: 106.73
2024-04-23 22:17:47.275 | INFO     | __main__:post_handle:209 - ep:3720. lc:3720. lr:0.013000. Test reward>=200:( 4/10). Avg steps(maxcnt):252( 2/10). Avg reward: 127.51
2024-04-23 22:17:48.110 | INFO     | __main__:post_handle:209 - ep:3730. lc:3730. lr:0.013000. Test reward>=200:( 2/10). Avg steps(maxcnt):257( 3/10). Avg reward:  72.17
2024-04-23 22:17:49.037 | INFO     | __main__:post_handle:209 - ep:3740. lc:3740. lr:0.013000. Test reward>=200:( 2/10). Avg steps(maxcnt):227( 1/10). Avg reward: 114.57
2024-04-23 22:17:50.030 | INFO     | __main__:post_handle:209 - ep:3750. lc:3750. lr:0.013000. Test reward>=200:( 1/10). Avg steps(maxcnt):330( 6/10). Avg reward:  50.88
2024-04-23 22:17:50.974 | INFO     | __main__:post_handle:209 - ep:3760. lc:3760. lr:0.013000. Test reward>=200:( 4/10). Avg steps(maxcnt):331( 6/10). Avg reward: 135.49
2024-04-23 22:17:51.818 | INFO     | __main__:post_handle:209 - ep:3770. lc:3770. lr:0.013000. Test reward>=200:( 3/10). Avg steps(maxcnt):296( 5/10). Avg reward: 119.95
2024-04-23 22:17:52.836 | INFO     | __main__:post_handle:209 - ep:3780. lc:3780. lr:0.013000. Test reward>=200:( 0/10). Avg steps(maxcnt):362( 9/10). Avg reward:  76.90
2024-04-23 22:17:53.897 | INFO     | __main__:post_handle:209 - ep:3790. lc:3790. lr:0.013000. Test reward>=200:( 1/10). Avg steps(maxcnt):381( 9/10). Avg reward: 116.81
2024-04-23 22:17:54.985 | INFO     | __main__:post_handle:209 - ep:3800. lc:3800. lr:0.013000. Test reward>=200:( 1/10). Avg steps(maxcnt):357( 8/10). Avg reward: 109.99
2024-04-23 22:17:56.000 | INFO     | __main__:post_handle:209 - ep:3810. lc:3810. lr:0.013000. Test reward>=200:( 1/10). Avg steps(maxcnt):343( 8/10). Avg reward: 107.40
2024-04-23 22:17:57.061 | INFO     | __main__:post_handle:209 - ep:3820. lc:3820. lr:0.013000. Test reward>=200:( 2/10). Avg steps(maxcnt):374( 7/10). Avg reward: 114.83
2024-04-23 22:17:58.180 | INFO     | __main__:post_handle:209 - ep:3830. lc:3830. lr:0.013000. Test reward>=200:( 0/10). Avg steps(maxcnt):390(10/10). Avg reward:  95.43
2024-04-23 22:17:59.263 | INFO     | __main__:post_handle:209 - ep:3840. lc:3840. lr:0.013000. Test reward>=200:( 1/10). Avg steps(maxcnt):361( 8/10). Avg reward: 107.65
2024-04-23 22:18:00.218 | INFO     | __main__:post_handle:209 - ep:3850. lc:3850. lr:0.013000. Test reward>=200:( 0/10). Avg steps(maxcnt):359( 9/10). Avg reward:  83.88
2024-04-23 22:18:01.165 | INFO     | __main__:post_handle:209 - ep:3860. lc:3860. lr:0.013000. Test reward>=200:( 1/10). Avg steps(maxcnt):350( 8/10). Avg reward:  97.05
2024-04-23 22:18:02.208 | INFO     | __main__:post_handle:209 - ep:3870. lc:3870. lr:0.013000. Test reward>=200:( 0/10). Avg steps(maxcnt):390(10/10). Avg reward: 114.69
2024-04-23 22:18:03.247 | INFO     | __main__:post_handle:209 - ep:3880. lc:3880. lr:0.013000. Test reward>=200:( 0/10). Avg steps(maxcnt):390(10/10). Avg reward: 111.47
2024-04-23 22:18:04.263 | INFO     | __main__:post_handle:209 - ep:3890. lc:3890. lr:0.013000. Test reward>=200:( 1/10). Avg steps(maxcnt):380( 9/10). Avg reward: 126.60
2024-04-23 22:18:05.215 | INFO     | __main__:post_handle:209 - ep:3900. lc:3900. lr:0.013000. Test reward>=200:( 0/10). Avg steps(maxcnt):358( 9/10). Avg reward:  82.83
2024-04-23 22:18:06.170 | INFO     | __main__:post_handle:209 - ep:3910. lc:3910. lr:0.013000. Test reward>=200:( 0/10). Avg steps(maxcnt):358( 9/10). Avg reward:  81.03
2024-04-23 22:18:06.815 | INFO     | __main__:post_handle:209 - ep:3920. lc:3920. lr:0.013000. Test reward>=200:( 0/10). Avg steps(maxcnt):238( 5/10). Avg reward:   4.15
2024-04-23 22:18:07.684 | INFO     | __main__:post_handle:209 - ep:3930. lc:3930. lr:0.013000. Test reward>=200:( 0/10). Avg steps(maxcnt):326( 8/10). Avg reward:  61.02
2024-04-23 22:18:08.255 | INFO     | __main__:post_handle:209 - ep:3940. lc:3940. lr:0.013000. Test reward>=200:( 0/10). Avg steps(maxcnt):210( 4/10). Avg reward: -29.15
2024-04-23 22:18:09.057 | INFO     | __main__:post_handle:209 - ep:3950. lc:3950. lr:0.013000. Test reward>=200:( 0/10). Avg steps(maxcnt):300( 7/10). Avg reward:  23.67
2024-04-23 22:18:09.864 | INFO     | __main__:post_handle:209 - ep:3960. lc:3960. lr:0.013000. Test reward>=200:( 0/10). Avg steps(maxcnt):301( 7/10). Avg reward:   4.73
2024-04-23 22:18:10.746 | INFO     | __main__:post_handle:209 - ep:3970. lc:3970. lr:0.013000. Test reward>=200:( 0/10). Avg steps(maxcnt):328( 7/10). Avg reward:  73.95
2024-04-23 22:18:11.835 | INFO     | __main__:post_handle:209 - ep:3980. lc:3980. lr:0.013000. Test reward>=200:( 0/10). Avg steps(maxcnt):378( 7/10). Avg reward:  67.67
2024-04-23 22:18:12.838 | INFO     | __main__:post_handle:209 - ep:3990. lc:3990. lr:0.013000. Test reward>=200:( 0/10). Avg steps(maxcnt):362( 8/10). Avg reward:  58.49
2024-04-23 22:18:13.769 | INFO     | __main__:post_handle:209 - ep:4000. lc:4000. lr:0.013000. Test reward>=200:( 0/10). Avg steps(maxcnt):335( 7/10). Avg reward:  30.11
2024-04-23 22:18:14.697 | INFO     | __main__:post_handle:209 - ep:4010. lc:4010. lr:0.013000. Test reward>=200:( 0/10). Avg steps(maxcnt):340( 8/10). Avg reward:  42.39
2024-04-23 22:18:15.698 | INFO     | __main__:post_handle:209 - ep:4020. lc:4020. lr:0.013000. Test reward>=200:( 0/10). Avg steps(maxcnt):359( 9/10). Avg reward:  46.26
2024-04-23 22:18:16.620 | INFO     | __main__:post_handle:209 - ep:4030. lc:4030. lr:0.013000. Test reward>=200:( 0/10). Avg steps(maxcnt):338( 8/10). Avg reward: -32.45
2024-04-23 22:18:17.377 | INFO     | __main__:post_handle:209 - ep:4040. lc:4040. lr:0.013000. Test reward>=200:( 0/10). Avg steps(maxcnt):275( 6/10). Avg reward:-122.27
2024-04-23 22:18:18.205 | INFO     | __main__:post_handle:209 - ep:4050. lc:4050. lr:0.013000. Test reward>=200:( 0/10). Avg steps(maxcnt):301( 5/10). Avg reward:-111.08
2024-04-23 22:18:19.088 | INFO     | __main__:post_handle:209 - ep:4060. lc:4060. lr:0.013000. Test reward>=200:( 0/10). Avg steps(maxcnt):321( 4/10). Avg reward: -21.25
2024-04-23 22:18:19.854 | INFO     | __main__:post_handle:209 - ep:4070. lc:4070. lr:0.013000. Test reward>=200:( 0/10). Avg steps(maxcnt):258( 4/10). Avg reward:-155.70
2024-04-23 22:18:20.554 | INFO     | __main__:post_handle:209 - ep:4080. lc:4080. lr:0.013000. Test reward>=200:( 0/10). Avg steps(maxcnt):253( 5/10). Avg reward:-163.39
2024-04-23 22:18:21.635 | INFO     | __main__:post_handle:209 - ep:4090. lc:4090. lr:0.013000. Test reward>=200:( 0/10). Avg steps(maxcnt):328( 8/10). Avg reward: -39.14
2024-04-23 22:18:22.546 | INFO     | __main__:post_handle:209 - ep:4100. lc:4100. lr:0.013000. Test reward>=200:( 0/10). Avg steps(maxcnt):216( 3/10). Avg reward:-183.63
2024-04-23 22:18:23.289 | INFO     | __main__:post_handle:209 - ep:4110. lc:4110. lr:0.013000. Test reward>=200:( 0/10). Avg steps(maxcnt):181( 3/10). Avg reward:-216.37
2024-04-23 22:18:23.928 | INFO     | __main__:post_handle:209 - ep:4120. lc:4120. lr:0.013000. Test reward>=200:( 0/10). Avg steps(maxcnt):203( 4/10). Avg reward:-170.64
2024-04-23 22:18:24.449 | INFO     | __main__:post_handle:209 - ep:4130. lc:4130. lr:0.013000. Test reward>=200:( 0/10). Avg steps(maxcnt):146( 2/10). Avg reward:-215.23
2024-04-23 22:18:25.084 | INFO     | __main__:post_handle:209 - ep:4140. lc:4140. lr:0.013000. Test reward>=200:( 0/10). Avg steps(maxcnt):209( 4/10). Avg reward:-140.50
2024-04-23 22:18:25.685 | INFO     | __main__:post_handle:209 - ep:4150. lc:4150. lr:0.013000. Test reward>=200:( 0/10). Avg steps(maxcnt):206( 4/10). Avg reward:-153.03
2024-04-23 22:18:26.256 | INFO     | __main__:post_handle:209 - ep:4160. lc:4160. lr:0.013000. Test reward>=200:( 0/10). Avg steps(maxcnt):194( 3/10). Avg reward:-139.59
2024-04-23 22:18:26.909 | INFO     | __main__:post_handle:209 - ep:4170. lc:4170. lr:0.013000. Test reward>=200:( 0/10). Avg steps(maxcnt):218( 4/10). Avg reward:-135.06
2024-04-23 22:18:27.771 | INFO     | __main__:post_handle:209 - ep:4180. lc:4180. lr:0.013000. Test reward>=200:( 0/10). Avg steps(maxcnt):276( 6/10). Avg reward: -74.84
2024-04-23 22:18:29.052 | INFO     | __main__:post_handle:209 - ep:4190. lc:4190. lr:0.013000. Test reward>=200:( 0/10). Avg steps(maxcnt):297( 7/10). Avg reward: -18.30
2024-04-23 22:18:30.242 | INFO     | __main__:post_handle:209 - ep:4200. lc:4200. lr:0.013000. Test reward>=200:( 0/10). Avg steps(maxcnt):331( 8/10). Avg reward:  26.64
2024-04-23 22:18:31.093 | INFO     | __main__:post_handle:209 - ep:4210. lc:4210. lr:0.013000. Test reward>=200:( 0/10). Avg steps(maxcnt):300( 7/10). Avg reward: -19.31
2024-04-23 22:18:31.896 | INFO     | __main__:post_handle:209 - ep:4220. lc:4220. lr:0.013000. Test reward>=200:( 0/10). Avg steps(maxcnt):283( 6/10). Avg reward: -62.09
2024-04-23 22:18:32.853 | INFO     | __main__:post_handle:209 - ep:4230. lc:4230. lr:0.013000. Test reward>=200:( 0/10). Avg steps(maxcnt):337( 8/10). Avg reward: -23.84
2024-04-23 22:18:33.877 | INFO     | __main__:post_handle:209 - ep:4240. lc:4240. lr:0.013000. Test reward>=200:( 0/10). Avg steps(maxcnt):360( 9/10). Avg reward:  24.34
2024-04-23 22:18:34.799 | INFO     | __main__:post_handle:209 - ep:4250. lc:4250. lr:0.013000. Test reward>=200:( 0/10). Avg steps(maxcnt):332( 8/10). Avg reward:  -5.40
2024-04-23 22:18:35.709 | INFO     | __main__:post_handle:209 - ep:4260. lc:4260. lr:0.013000. Test reward>=200:( 0/10). Avg steps(maxcnt):328( 8/10). Avg reward: -37.88
2024-04-23 22:18:36.222 | INFO     | __main__:post_handle:209 - ep:4270. lc:4270. lr:0.013000. Test reward>=200:( 0/10). Avg steps(maxcnt):176( 3/10). Avg reward:-192.97
2024-04-23 22:18:37.158 | INFO     | __main__:post_handle:209 - ep:4280. lc:4280. lr:0.013000. Test reward>=200:( 0/10). Avg steps(maxcnt):328( 8/10). Avg reward: -28.51
2024-04-23 22:18:37.925 | INFO     | __main__:post_handle:209 - ep:4290. lc:4290. lr:0.013000. Test reward>=200:( 0/10). Avg steps(maxcnt):267( 6/10). Avg reward: -85.54
2024-04-23 22:18:38.693 | INFO     | __main__:post_handle:209 - ep:4300. lc:4300. lr:0.013000. Test reward>=200:( 0/10). Avg steps(maxcnt):270( 6/10). Avg reward: -77.70
2024-04-23 22:18:39.687 | INFO     | __main__:post_handle:209 - ep:4310. lc:4310. lr:0.013000. Test reward>=200:( 0/10). Avg steps(maxcnt):358( 9/10). Avg reward:   8.56
2024-04-23 22:18:40.607 | INFO     | __main__:post_handle:209 - ep:4320. lc:4320. lr:0.013000. Test reward>=200:( 0/10). Avg steps(maxcnt):299( 7/10). Avg reward: -27.95
2024-04-23 22:18:41.253 | INFO     | __main__:post_handle:209 - ep:4330. lc:4330. lr:0.013000. Test reward>=200:( 0/10). Avg steps(maxcnt):214( 4/10). Avg reward: -87.10
2024-04-23 22:18:42.055 | INFO     | __main__:post_handle:209 - ep:4340. lc:4340. lr:0.013000. Test reward>=200:( 0/10). Avg steps(maxcnt):286( 6/10). Avg reward:  -6.09
2024-04-23 22:18:42.976 | INFO     | __main__:post_handle:209 - ep:4350. lc:4350. lr:0.013000. Test reward>=200:( 0/10). Avg steps(maxcnt):333( 8/10). Avg reward:  18.90
2024-04-23 22:18:43.752 | INFO     | __main__:post_handle:209 - ep:4360. lc:4360. lr:0.013000. Test reward>=200:( 0/10). Avg steps(maxcnt):275( 6/10). Avg reward:  15.48
2024-04-23 22:18:44.576 | INFO     | __main__:post_handle:209 - ep:4370. lc:4370. lr:0.013000. Test reward>=200:( 0/10). Avg steps(maxcnt):295( 7/10). Avg reward:   2.19
2024-04-23 22:18:45.174 | INFO     | __main__:post_handle:209 - ep:4380. lc:4380. lr:0.013000. Test reward>=200:( 0/10). Avg steps(maxcnt):211( 4/10). Avg reward: -86.13
2024-04-23 22:18:45.918 | INFO     | __main__:post_handle:209 - ep:4390. lc:4390. lr:0.013000. Test reward>=200:( 0/10). Avg steps(maxcnt):265( 6/10). Avg reward:  -8.81
2024-04-23 22:18:46.948 | INFO     | __main__:post_handle:209 - ep:4400. lc:4400. lr:0.013000. Test reward>=200:( 0/10). Avg steps(maxcnt):370( 9/10). Avg reward:  52.16
2024-04-23 22:18:47.862 | INFO     | __main__:post_handle:209 - ep:4410. lc:4410. lr:0.013000. Test reward>=200:( 0/10). Avg steps(maxcnt):328( 8/10). Avg reward:  33.43
2024-04-23 22:18:49.065 | INFO     | __main__:post_handle:209 - ep:4420. lc:4420. lr:0.013000. Test reward>=200:( 0/10). Avg steps(maxcnt):390(10/10). Avg reward:  73.08
2024-04-23 22:18:50.174 | INFO     | __main__:post_handle:209 - ep:4430. lc:4430. lr:0.013000. Test reward>=200:( 0/10). Avg steps(maxcnt):390(10/10). Avg reward:  80.98
2024-04-23 22:18:51.331 | INFO     | __main__:post_handle:209 - ep:4440. lc:4440. lr:0.013000. Test reward>=200:( 0/10). Avg steps(maxcnt):390(10/10). Avg reward:  79.92
2024-04-23 22:18:52.738 | INFO     | __main__:post_handle:209 - ep:4450. lc:4450. lr:0.013000. Test reward>=200:( 0/10). Avg steps(maxcnt):390(10/10). Avg reward:  72.19
2024-04-23 22:18:54.027 | INFO     | __main__:post_handle:209 - ep:4460. lc:4460. lr:0.013000. Test reward>=200:( 0/10). Avg steps(maxcnt):358( 9/10). Avg reward:  62.37
2024-04-23 22:18:55.492 | INFO     | __main__:post_handle:209 - ep:4470. lc:4470. lr:0.013000. Test reward>=200:( 0/10). Avg steps(maxcnt):358( 9/10). Avg reward:  49.14
2024-04-23 22:18:56.652 | INFO     | __main__:post_handle:209 - ep:4480. lc:4480. lr:0.013000. Test reward>=200:( 0/10). Avg steps(maxcnt):329( 8/10). Avg reward:  50.96
2024-04-23 22:18:57.785 | INFO     | __main__:post_handle:209 - ep:4490. lc:4490. lr:0.013000. Test reward>=200:( 0/10). Avg steps(maxcnt):364( 9/10). Avg reward:  60.17
2024-04-23 22:18:58.772 | INFO     | __main__:post_handle:209 - ep:4500. lc:4500. lr:0.013000. Test reward>=200:( 0/10). Avg steps(maxcnt):360( 9/10). Avg reward:  61.82
2024-04-23 22:18:59.749 | INFO     | __main__:post_handle:209 - ep:4510. lc:4510. lr:0.013000. Test reward>=200:( 0/10). Avg steps(maxcnt):358( 9/10). Avg reward:  57.25
2024-04-23 22:19:00.681 | INFO     | __main__:post_handle:209 - ep:4520. lc:4520. lr:0.013000. Test reward>=200:( 0/10). Avg steps(maxcnt):332( 8/10). Avg reward:  78.62
2024-04-23 22:19:01.855 | INFO     | __main__:post_handle:209 - ep:4530. lc:4530. lr:0.013000. Test reward>=200:( 0/10). Avg steps(maxcnt):390(10/10). Avg reward: 106.47
2024-04-23 22:19:03.070 | INFO     | __main__:post_handle:209 - ep:4540. lc:4540. lr:0.013000. Test reward>=200:( 0/10). Avg steps(maxcnt):390(10/10). Avg reward:  95.80
2024-04-23 22:19:04.160 | INFO     | __main__:post_handle:209 - ep:4550. lc:4550. lr:0.013000. Test reward>=200:( 0/10). Avg steps(maxcnt):390(10/10). Avg reward: 113.55
2024-04-23 22:19:05.173 | INFO     | __main__:post_handle:209 - ep:4560. lc:4560. lr:0.013000. Test reward>=200:( 0/10). Avg steps(maxcnt):362( 9/10). Avg reward:  89.51
2024-04-23 22:19:06.243 | INFO     | __main__:post_handle:209 - ep:4570. lc:4570. lr:0.013000. Test reward>=200:( 1/10). Avg steps(maxcnt):376( 9/10). Avg reward: 113.72
2024-04-23 22:19:07.023 | INFO     | __main__:post_handle:209 - ep:4580. lc:4580. lr:0.013000. Test reward>=200:( 2/10). Avg steps(maxcnt):261( 4/10). Avg reward:  75.17
2024-04-23 22:19:07.886 | INFO     | __main__:post_handle:209 - ep:4590. lc:4590. lr:0.013000. Test reward>=200:( 3/10). Avg steps(maxcnt):290( 3/10). Avg reward:  70.95
2024-04-23 22:19:08.627 | INFO     | __main__:post_handle:209 - ep:4600. lc:4600. lr:0.013000. Test reward>=200:( 0/10). Avg steps(maxcnt):192( 2/10). Avg reward:  -6.28
2024-04-23 22:19:09.305 | INFO     | __main__:post_handle:209 - ep:4610. lc:4610. lr:0.013000. Test reward>=200:( 0/10). Avg steps(maxcnt):147( 1/10). Avg reward: -69.61
2024-04-23 22:19:09.979 | INFO     | __main__:post_handle:209 - ep:4620. lc:4620. lr:0.013000. Test reward>=200:( 0/10). Avg steps(maxcnt):176( 2/10). Avg reward: -19.46
2024-04-23 22:19:10.597 | INFO     | __main__:post_handle:209 - ep:4630. lc:4630. lr:0.013000. Test reward>=200:( 0/10). Avg steps(maxcnt):186( 3/10). Avg reward: -78.88
2024-04-23 22:19:11.223 | INFO     | __main__:post_handle:209 - ep:4640. lc:4640. lr:0.013000. Test reward>=200:( 0/10). Avg steps(maxcnt):141( 1/10). Avg reward: -87.49
